#
# There is insufficient memory for the Java Runtime Environment to continue.
# Native memory allocation (malloc) failed to allocate 1551104 bytes for Chunk::new
# Possible reasons:
#   The system is out of physical RAM or swap space
#   The process is running with CompressedOops enabled, and the Java Heap may be blocking the growth of the native heap
# Possible solutions:
#   Reduce memory load on the system
#   Increase physical memory or swap space
#   Check if swap backing store is full
#   Decrease Java heap size (-Xmx/-Xms)
#   Decrease number of Java threads
#   Decrease Java thread stack sizes (-Xss)
#   Set larger code cache with -XX:ReservedCodeCacheSize=
#   JVM is running with Unscaled Compressed Oops mode in which the Java heap is
#     placed in the first 4GB address space. The Java Heap base address is the
#     maximum limit for the native heap growth. Please use -XX:HeapBaseMinAddress
#     to set the Java Heap base and to place the Java Heap above 4GB virtual address.
# This output file may be truncated or incomplete.
#
#  Out of Memory Error (arena.cpp:168), pid=17924, tid=16964
#
# JRE version: Java(TM) SE Runtime Environment (21.0.2+13) (build 21.0.2+13-LTS-58)
# Java VM: Java HotSpot(TM) 64-Bit Server VM (21.0.2+13-LTS-58, mixed mode, sharing, tiered, compressed oops, compressed class ptrs, g1 gc, windows-amd64)
# No core dump will be written. Minidumps are not enabled by default on client versions of Windows
#

---------------  S U M M A R Y ------------

Command Line: -Dorg.jetbrains.run.directory=C:\Users\astar\Downloads\My_demo_app_cucumber-main\My_demo_app_cucumber-main\src\main\resources\features -javaagent:C:\Users\astar\AppData\Local\JetBrains\IntelliJ IDEA Community Edition 2023.3.3\lib\idea_rt.jar=54251:C:\Users\astar\AppData\Local\JetBrains\IntelliJ IDEA Community Edition 2023.3.3\bin -Dfile.encoding=UTF-8 -Dsun.stdout.encoding=UTF-8 -Dsun.stderr.encoding=UTF-8 io.cucumber.core.cli.Main --plugin org.jetbrains.plugins.cucumber.java.run.CucumberJvm5SMFormatter --name ^User  successfully logs in and is redirected to Products page$ --glue steps C:/Users/astar/Downloads/My_demo_app_cucumber-main/My_demo_app_cucumber-main/src/main/resources/features/pageLogin.feature

Host: AMD Ryzen 5 7520U with Radeon Graphics         , 8 cores, 5G,  Windows 11 , 64 bit Build 22621 (10.0.22621.3235)
Time: Wed Apr 10 17:26:15 2024 FLE vasaros / 64 bit Build 22621 (10.0.22621.3235) elapsed time: 7.899104 seconds (0d 0h 0m 7s)

---------------  T H R E A D  ---------------

Current thread (0x000001b6d51bb710):  JavaThread "C2 CompilerThread0" daemon [_thread_in_native, id=16964, stack(0x000000126a400000,0x000000126a500000) (1024K)]


Current CompileTask:
C2:   7899 2004       4       java.lang.invoke.MethodType::methodType (69 bytes)

Stack: [0x000000126a400000,0x000000126a500000]
Native frames: (J=compiled Java code, j=interpreted, Vv=VM code, C=native code)
V  [jvm.dll+0x6cade9]
V  [jvm.dll+0x8569c1]
V  [jvm.dll+0x858d2e]
V  [jvm.dll+0x859413]
V  [jvm.dll+0x280e56]
V  [jvm.dll+0xc3f3d]
V  [jvm.dll+0xc4473]
V  [jvm.dll+0x3b5c2c]
V  [jvm.dll+0x382855]
V  [jvm.dll+0x381cca]
V  [jvm.dll+0x249bd0]
V  [jvm.dll+0x2491b1]
V  [jvm.dll+0x1c9634]
V  [jvm.dll+0x258859]
V  [jvm.dll+0x256e3a]
V  [jvm.dll+0x3ef6c6]
V  [jvm.dll+0x7ff568]
V  [jvm.dll+0x6c953d]
C  [ucrtbase.dll+0x29363]
C  [KERNEL32.DLL+0x1257d]
C  [ntdll.dll+0x5aa58]


---------------  P R O C E S S  ---------------

Threads class SMR info:
_java_thread_list=0x000001b71b286c50, length=19, elements={
0x000001b6b71be8a0, 0x000001b6d51a6aa0, 0x000001b6d51a7f80, 0x000001b6d51aa900,
0x000001b6d51ab910, 0x000001b6d51ae810, 0x000001b6d51b7680, 0x000001b6d51bb710,
0x000001b6d51bcaf0, 0x000001b6d53ff0a0, 0x000001b6d54d2a50, 0x000001b6d55fcb10,
0x000001b6d5c1aae0, 0x000001b71b190a70, 0x000001b6d5f5e7c0, 0x000001b71b1f64d0,
0x000001b71b27d1f0, 0x000001b6d5210db0, 0x000001b6d557dfc0
}

Java Threads: ( => current thread )
  0x000001b6b71be8a0 JavaThread "Forwarding newSession on session null to remote"        [_thread_in_vm, id=22924, stack(0x0000001269600000,0x0000001269700000) (1024K)]
  0x000001b6d51a6aa0 JavaThread "Reference Handler"          daemon [_thread_blocked, id=15528, stack(0x0000001269e00000,0x0000001269f00000) (1024K)]
  0x000001b6d51a7f80 JavaThread "Finalizer"                  daemon [_thread_blocked, id=18404, stack(0x0000001269f00000,0x000000126a000000) (1024K)]
  0x000001b6d51aa900 JavaThread "Signal Dispatcher"          daemon [_thread_blocked, id=1924, stack(0x000000126a000000,0x000000126a100000) (1024K)]
  0x000001b6d51ab910 JavaThread "Attach Listener"            daemon [_thread_blocked, id=12864, stack(0x000000126a100000,0x000000126a200000) (1024K)]
  0x000001b6d51ae810 JavaThread "Service Thread"             daemon [_thread_blocked, id=1336, stack(0x000000126a200000,0x000000126a300000) (1024K)]
  0x000001b6d51b7680 JavaThread "Monitor Deflation Thread"   daemon [_thread_blocked, id=3312, stack(0x000000126a300000,0x000000126a400000) (1024K)]
=>0x000001b6d51bb710 JavaThread "C2 CompilerThread0"         daemon [_thread_in_native, id=16964, stack(0x000000126a400000,0x000000126a500000) (1024K)]
  0x000001b6d51bcaf0 JavaThread "C1 CompilerThread0"         daemon [_thread_blocked, id=8068, stack(0x000000126a500000,0x000000126a600000) (1024K)]
  0x000001b6d53ff0a0 JavaThread "Common-Cleaner"             daemon [_thread_blocked, id=18744, stack(0x000000126a600000,0x000000126a700000) (1024K)]
  0x000001b6d54d2a50 JavaThread "Monitor Ctrl-Break"         daemon [_thread_in_native, id=10172, stack(0x000000126a700000,0x000000126a800000) (1024K)]
  0x000001b6d55fcb10 JavaThread "Notification Thread"        daemon [_thread_blocked, id=13280, stack(0x000000126a800000,0x000000126a900000) (1024K)]
  0x000001b6d5c1aae0 JavaThread "Exec Default Executor"      daemon [_thread_in_native, id=24468, stack(0x000000126a900000,0x000000126aa00000) (1024K)]
  0x000001b71b190a70 JavaThread "UrlChecker-2"               daemon [_thread_blocked, id=10212, stack(0x000000126b100000,0x000000126b200000) (1024K)]
  0x000001b6d5f5e7c0 JavaThread "Exec Stream Pumper"         daemon [_thread_in_native, id=21408, stack(0x000000126b200000,0x000000126b300000) (1024K)]
  0x000001b71b1f64d0 JavaThread "Exec Stream Pumper"         daemon [_thread_in_native, id=20224, stack(0x000000126b300000,0x000000126b400000) (1024K)]
  0x000001b71b27d1f0 JavaThread "Keep-Alive-Timer"           daemon [_thread_blocked, id=15024, stack(0x000000126b500000,0x000000126b600000) (1024K)]
  0x000001b6d5210db0 JavaThread "ForkJoinPool.commonPool-worker-1" daemon [_thread_blocked, id=14532, stack(0x000000126b600000,0x000000126b700000) (1024K)]
  0x000001b6d557dfc0 JavaThread "AsyncHttpClient-1-1"        daemon [_thread_blocked, id=2016, stack(0x000000126b700000,0x000000126b800000) (1024K)]
Total: 19

Other Threads:
  0x000001b6b7193a40 VMThread "VM Thread"                           [id=21428, stack(0x0000001269d00000,0x0000001269e00000) (1024K)]
  0x000001b6d516e500 WatcherThread "VM Periodic Task Thread"        [id=5252, stack(0x0000001269c00000,0x0000001269d00000) (1024K)]
  0x000001b6b71936a0 WorkerThread "GC Thread#0"                     [id=11228, stack(0x0000001269700000,0x0000001269800000) (1024K)]
  0x000001b6b7194180 WorkerThread "GC Thread#1"                     [id=11572, stack(0x000000126aa00000,0x000000126ab00000) (1024K)]
  0x000001b6b7194520 WorkerThread "GC Thread#2"                     [id=15600, stack(0x000000126ab00000,0x000000126ac00000) (1024K)]
  0x000001b6b71948c0 WorkerThread "GC Thread#3"                     [id=24444, stack(0x000000126ac00000,0x000000126ad00000) (1024K)]
  0x000001b71b16d940 WorkerThread "GC Thread#4"                     [id=4804, stack(0x000000126ad00000,0x000000126ae00000) (1024K)]
  0x000001b71b16cac0 WorkerThread "GC Thread#5"                     [id=14096, stack(0x000000126ae00000,0x000000126af00000) (1024K)]
  0x000001b71b16ce60 WorkerThread "GC Thread#6"                     [id=24172, stack(0x000000126af00000,0x000000126b000000) (1024K)]
  0x000001b71b16a680 WorkerThread "GC Thread#7"                     [id=9272, stack(0x000000126b000000,0x000000126b100000) (1024K)]
  0x000001b6b73bfba0 ConcurrentGCThread "G1 Main Marker"            [id=21060, stack(0x0000001269800000,0x0000001269900000) (1024K)]
  0x000001b6b7193de0 WorkerThread "G1 Conc#0"                       [id=11496, stack(0x0000001269900000,0x0000001269a00000) (1024K)]
  0x000001b6b741e570 ConcurrentGCThread "G1 Refine#0"               [id=20520, stack(0x0000001269a00000,0x0000001269b00000) (1024K)]
  0x000001b6d5041210 ConcurrentGCThread "G1 Service"                [id=17212, stack(0x0000001269b00000,0x0000001269c00000) (1024K)]
Total: 14

Threads with active compile tasks:
C2 CompilerThread0     7921 2004       4       java.lang.invoke.MethodType::methodType (69 bytes)
Total: 1

VM state: not at safepoint (normal execution)

VM Mutex/Monitor currently owned by a thread: None

Heap address: 0x00000000a2c00000, size: 1492 MB, Compressed Oops mode: 32-bit

CDS archive(s) mapped at: [0x000001b6d6000000-0x000001b6d6c90000-0x000001b6d6c90000), size 13172736, SharedBaseAddress: 0x000001b6d6000000, ArchiveRelocationMode: 1.
Compressed class space mapped at: 0x000001b6d7000000-0x000001b717000000, reserved size: 1073741824
Narrow klass base: 0x000001b6d6000000, Narrow klass shift: 0, Narrow klass range: 0x100000000

GC Precious Log:
 CardTable entry size: 512
 Card Set container configuration: InlinePtr #cards 5 size 8 Array Of Cards #cards 12 size 40 Howl #buckets 4 coarsen threshold 1843 Howl Bitmap #cards 512 size 80 coarsen threshold 460 Card regions per heap region 1 cards per card region 2048
 CPUs: 8 total, 8 available
 Memory: 5965M
 Large Page Support: Disabled
 NUMA Support: Disabled
 Compressed Oops: Enabled (32-bit)
 Heap Region Size: 1M
 Heap Min Capacity: 8M
 Heap Initial Capacity: 94M
 Heap Max Capacity: 1492M
 Pre-touch: Disabled
 Parallel Workers: 8
 Concurrent Workers: 2
 Concurrent Refinement Workers: 8
 Periodic GC: Disabled

Heap:
 garbage-first heap   total 96256K, used 13675K [0x00000000a2c00000, 0x0000000100000000)
  region size 1024K, 9 young (9216K), 4 survivors (4096K)
 Metaspace       used 18923K, committed 19264K, reserved 1114112K
  class space    used 2329K, committed 2496K, reserved 1048576K

Heap Regions: E=young(eden), S=young(survivor), O=old, HS=humongous(starts), HC=humongous(continues), CS=collection set, F=free, TAMS=top-at-mark-start, PB=parsable bottom
|   0|0x00000000a2c00000, 0x00000000a2d00000, 0x00000000a2d00000|100%| O|  |TAMS 0x00000000a2c00000| PB 0x00000000a2c00000| Untracked 
|   1|0x00000000a2d00000, 0x00000000a2e00000, 0x00000000a2e00000|100%| O|  |TAMS 0x00000000a2d00000| PB 0x00000000a2d00000| Untracked 
|   2|0x00000000a2e00000, 0x00000000a2f00000, 0x00000000a2f00000|100%| O|  |TAMS 0x00000000a2e00000| PB 0x00000000a2e00000| Untracked 
|   3|0x00000000a2f00000, 0x00000000a3000000, 0x00000000a3000000|100%| O|  |TAMS 0x00000000a2f00000| PB 0x00000000a2f00000| Untracked 
|   4|0x00000000a3000000, 0x00000000a3100000, 0x00000000a3100000|100%| O|  |TAMS 0x00000000a3000000| PB 0x00000000a3000000| Untracked 
|   5|0x00000000a3100000, 0x00000000a31bd6a8, 0x00000000a3200000| 73%| O|  |TAMS 0x00000000a3100000| PB 0x00000000a3100000| Untracked 
|   6|0x00000000a3200000, 0x00000000a3200000, 0x00000000a3300000|  0%| F|  |TAMS 0x00000000a3200000| PB 0x00000000a3200000| Untracked 
|   7|0x00000000a3300000, 0x00000000a3300000, 0x00000000a3400000|  0%| F|  |TAMS 0x00000000a3300000| PB 0x00000000a3300000| Untracked 
|   8|0x00000000a3400000, 0x00000000a3400000, 0x00000000a3500000|  0%| F|  |TAMS 0x00000000a3400000| PB 0x00000000a3400000| Untracked 
|   9|0x00000000a3500000, 0x00000000a3500000, 0x00000000a3600000|  0%| F|  |TAMS 0x00000000a3500000| PB 0x00000000a3500000| Untracked 
|  10|0x00000000a3600000, 0x00000000a3600000, 0x00000000a3700000|  0%| F|  |TAMS 0x00000000a3600000| PB 0x00000000a3600000| Untracked 
|  11|0x00000000a3700000, 0x00000000a3700000, 0x00000000a3800000|  0%| F|  |TAMS 0x00000000a3700000| PB 0x00000000a3700000| Untracked 
|  12|0x00000000a3800000, 0x00000000a3800000, 0x00000000a3900000|  0%| F|  |TAMS 0x00000000a3800000| PB 0x00000000a3800000| Untracked 
|  13|0x00000000a3900000, 0x00000000a3900000, 0x00000000a3a00000|  0%| F|  |TAMS 0x00000000a3900000| PB 0x00000000a3900000| Untracked 
|  14|0x00000000a3a00000, 0x00000000a3a00000, 0x00000000a3b00000|  0%| F|  |TAMS 0x00000000a3a00000| PB 0x00000000a3a00000| Untracked 
|  15|0x00000000a3b00000, 0x00000000a3b00000, 0x00000000a3c00000|  0%| F|  |TAMS 0x00000000a3b00000| PB 0x00000000a3b00000| Untracked 
|  16|0x00000000a3c00000, 0x00000000a3c00000, 0x00000000a3d00000|  0%| F|  |TAMS 0x00000000a3c00000| PB 0x00000000a3c00000| Untracked 
|  17|0x00000000a3d00000, 0x00000000a3d00000, 0x00000000a3e00000|  0%| F|  |TAMS 0x00000000a3d00000| PB 0x00000000a3d00000| Untracked 
|  18|0x00000000a3e00000, 0x00000000a3e00000, 0x00000000a3f00000|  0%| F|  |TAMS 0x00000000a3e00000| PB 0x00000000a3e00000| Untracked 
|  19|0x00000000a3f00000, 0x00000000a3f00000, 0x00000000a4000000|  0%| F|  |TAMS 0x00000000a3f00000| PB 0x00000000a3f00000| Untracked 
|  20|0x00000000a4000000, 0x00000000a4000000, 0x00000000a4100000|  0%| F|  |TAMS 0x00000000a4000000| PB 0x00000000a4000000| Untracked 
|  21|0x00000000a4100000, 0x00000000a4100000, 0x00000000a4200000|  0%| F|  |TAMS 0x00000000a4100000| PB 0x00000000a4100000| Untracked 
|  22|0x00000000a4200000, 0x00000000a4200000, 0x00000000a4300000|  0%| F|  |TAMS 0x00000000a4200000| PB 0x00000000a4200000| Untracked 
|  23|0x00000000a4300000, 0x00000000a4300000, 0x00000000a4400000|  0%| F|  |TAMS 0x00000000a4300000| PB 0x00000000a4300000| Untracked 
|  24|0x00000000a4400000, 0x00000000a4400000, 0x00000000a4500000|  0%| F|  |TAMS 0x00000000a4400000| PB 0x00000000a4400000| Untracked 
|  25|0x00000000a4500000, 0x00000000a4500000, 0x00000000a4600000|  0%| F|  |TAMS 0x00000000a4500000| PB 0x00000000a4500000| Untracked 
|  26|0x00000000a4600000, 0x00000000a4600000, 0x00000000a4700000|  0%| F|  |TAMS 0x00000000a4600000| PB 0x00000000a4600000| Untracked 
|  27|0x00000000a4700000, 0x00000000a4700000, 0x00000000a4800000|  0%| F|  |TAMS 0x00000000a4700000| PB 0x00000000a4700000| Untracked 
|  28|0x00000000a4800000, 0x00000000a4800000, 0x00000000a4900000|  0%| F|  |TAMS 0x00000000a4800000| PB 0x00000000a4800000| Untracked 
|  29|0x00000000a4900000, 0x00000000a4900000, 0x00000000a4a00000|  0%| F|  |TAMS 0x00000000a4900000| PB 0x00000000a4900000| Untracked 
|  30|0x00000000a4a00000, 0x00000000a4a00000, 0x00000000a4b00000|  0%| F|  |TAMS 0x00000000a4a00000| PB 0x00000000a4a00000| Untracked 
|  31|0x00000000a4b00000, 0x00000000a4b00000, 0x00000000a4c00000|  0%| F|  |TAMS 0x00000000a4b00000| PB 0x00000000a4b00000| Untracked 
|  32|0x00000000a4c00000, 0x00000000a4c00000, 0x00000000a4d00000|  0%| F|  |TAMS 0x00000000a4c00000| PB 0x00000000a4c00000| Untracked 
|  33|0x00000000a4d00000, 0x00000000a4d00000, 0x00000000a4e00000|  0%| F|  |TAMS 0x00000000a4d00000| PB 0x00000000a4d00000| Untracked 
|  34|0x00000000a4e00000, 0x00000000a4e00000, 0x00000000a4f00000|  0%| F|  |TAMS 0x00000000a4e00000| PB 0x00000000a4e00000| Untracked 
|  35|0x00000000a4f00000, 0x00000000a4f00000, 0x00000000a5000000|  0%| F|  |TAMS 0x00000000a4f00000| PB 0x00000000a4f00000| Untracked 
|  36|0x00000000a5000000, 0x00000000a5000000, 0x00000000a5100000|  0%| F|  |TAMS 0x00000000a5000000| PB 0x00000000a5000000| Untracked 
|  37|0x00000000a5100000, 0x00000000a5100000, 0x00000000a5200000|  0%| F|  |TAMS 0x00000000a5100000| PB 0x00000000a5100000| Untracked 
|  38|0x00000000a5200000, 0x00000000a5200000, 0x00000000a5300000|  0%| F|  |TAMS 0x00000000a5200000| PB 0x00000000a5200000| Untracked 
|  39|0x00000000a5300000, 0x00000000a5300000, 0x00000000a5400000|  0%| F|  |TAMS 0x00000000a5300000| PB 0x00000000a5300000| Untracked 
|  40|0x00000000a5400000, 0x00000000a5400000, 0x00000000a5500000|  0%| F|  |TAMS 0x00000000a5400000| PB 0x00000000a5400000| Untracked 
|  41|0x00000000a5500000, 0x00000000a5500000, 0x00000000a5600000|  0%| F|  |TAMS 0x00000000a5500000| PB 0x00000000a5500000| Untracked 
|  42|0x00000000a5600000, 0x00000000a5600000, 0x00000000a5700000|  0%| F|  |TAMS 0x00000000a5600000| PB 0x00000000a5600000| Untracked 
|  43|0x00000000a5700000, 0x00000000a5700000, 0x00000000a5800000|  0%| F|  |TAMS 0x00000000a5700000| PB 0x00000000a5700000| Untracked 
|  44|0x00000000a5800000, 0x00000000a5800000, 0x00000000a5900000|  0%| F|  |TAMS 0x00000000a5800000| PB 0x00000000a5800000| Untracked 
|  45|0x00000000a5900000, 0x00000000a5900000, 0x00000000a5a00000|  0%| F|  |TAMS 0x00000000a5900000| PB 0x00000000a5900000| Untracked 
|  46|0x00000000a5a00000, 0x00000000a5a00000, 0x00000000a5b00000|  0%| F|  |TAMS 0x00000000a5a00000| PB 0x00000000a5a00000| Untracked 
|  47|0x00000000a5b00000, 0x00000000a5b00000, 0x00000000a5c00000|  0%| F|  |TAMS 0x00000000a5b00000| PB 0x00000000a5b00000| Untracked 
|  48|0x00000000a5c00000, 0x00000000a5c00000, 0x00000000a5d00000|  0%| F|  |TAMS 0x00000000a5c00000| PB 0x00000000a5c00000| Untracked 
|  49|0x00000000a5d00000, 0x00000000a5d00000, 0x00000000a5e00000|  0%| F|  |TAMS 0x00000000a5d00000| PB 0x00000000a5d00000| Untracked 
|  50|0x00000000a5e00000, 0x00000000a5e00000, 0x00000000a5f00000|  0%| F|  |TAMS 0x00000000a5e00000| PB 0x00000000a5e00000| Untracked 
|  51|0x00000000a5f00000, 0x00000000a5f00000, 0x00000000a6000000|  0%| F|  |TAMS 0x00000000a5f00000| PB 0x00000000a5f00000| Untracked 
|  52|0x00000000a6000000, 0x00000000a6000000, 0x00000000a6100000|  0%| F|  |TAMS 0x00000000a6000000| PB 0x00000000a6000000| Untracked 
|  53|0x00000000a6100000, 0x00000000a6100000, 0x00000000a6200000|  0%| F|  |TAMS 0x00000000a6100000| PB 0x00000000a6100000| Untracked 
|  54|0x00000000a6200000, 0x00000000a6200000, 0x00000000a6300000|  0%| F|  |TAMS 0x00000000a6200000| PB 0x00000000a6200000| Untracked 
|  55|0x00000000a6300000, 0x00000000a6300000, 0x00000000a6400000|  0%| F|  |TAMS 0x00000000a6300000| PB 0x00000000a6300000| Untracked 
|  56|0x00000000a6400000, 0x00000000a6400000, 0x00000000a6500000|  0%| F|  |TAMS 0x00000000a6400000| PB 0x00000000a6400000| Untracked 
|  57|0x00000000a6500000, 0x00000000a6500000, 0x00000000a6600000|  0%| F|  |TAMS 0x00000000a6500000| PB 0x00000000a6500000| Untracked 
|  58|0x00000000a6600000, 0x00000000a6600000, 0x00000000a6700000|  0%| F|  |TAMS 0x00000000a6600000| PB 0x00000000a6600000| Untracked 
|  59|0x00000000a6700000, 0x00000000a679d920, 0x00000000a6800000| 61%| S|CS|TAMS 0x00000000a6700000| PB 0x00000000a6700000| Complete 
|  60|0x00000000a6800000, 0x00000000a6900000, 0x00000000a6900000|100%| S|CS|TAMS 0x00000000a6800000| PB 0x00000000a6800000| Complete 
|  61|0x00000000a6900000, 0x00000000a6a00000, 0x00000000a6a00000|100%| S|CS|TAMS 0x00000000a6900000| PB 0x00000000a6900000| Complete 
|  62|0x00000000a6a00000, 0x00000000a6b00000, 0x00000000a6b00000|100%| S|CS|TAMS 0x00000000a6a00000| PB 0x00000000a6a00000| Complete 
|  63|0x00000000a6b00000, 0x00000000a6b00000, 0x00000000a6c00000|  0%| F|  |TAMS 0x00000000a6b00000| PB 0x00000000a6b00000| Untracked 
|  64|0x00000000a6c00000, 0x00000000a6c00000, 0x00000000a6d00000|  0%| F|  |TAMS 0x00000000a6c00000| PB 0x00000000a6c00000| Untracked 
|  65|0x00000000a6d00000, 0x00000000a6d00000, 0x00000000a6e00000|  0%| F|  |TAMS 0x00000000a6d00000| PB 0x00000000a6d00000| Untracked 
|  66|0x00000000a6e00000, 0x00000000a6e00000, 0x00000000a6f00000|  0%| F|  |TAMS 0x00000000a6e00000| PB 0x00000000a6e00000| Untracked 
|  67|0x00000000a6f00000, 0x00000000a6f00000, 0x00000000a7000000|  0%| F|  |TAMS 0x00000000a6f00000| PB 0x00000000a6f00000| Untracked 
|  68|0x00000000a7000000, 0x00000000a7000000, 0x00000000a7100000|  0%| F|  |TAMS 0x00000000a7000000| PB 0x00000000a7000000| Untracked 
|  69|0x00000000a7100000, 0x00000000a7100000, 0x00000000a7200000|  0%| F|  |TAMS 0x00000000a7100000| PB 0x00000000a7100000| Untracked 
|  70|0x00000000a7200000, 0x00000000a7200000, 0x00000000a7300000|  0%| F|  |TAMS 0x00000000a7200000| PB 0x00000000a7200000| Untracked 
|  71|0x00000000a7300000, 0x00000000a7300000, 0x00000000a7400000|  0%| F|  |TAMS 0x00000000a7300000| PB 0x00000000a7300000| Untracked 
|  72|0x00000000a7400000, 0x00000000a7400000, 0x00000000a7500000|  0%| F|  |TAMS 0x00000000a7400000| PB 0x00000000a7400000| Untracked 
|  73|0x00000000a7500000, 0x00000000a7500000, 0x00000000a7600000|  0%| F|  |TAMS 0x00000000a7500000| PB 0x00000000a7500000| Untracked 
|  74|0x00000000a7600000, 0x00000000a7600000, 0x00000000a7700000|  0%| F|  |TAMS 0x00000000a7600000| PB 0x00000000a7600000| Untracked 
|  75|0x00000000a7700000, 0x00000000a7700000, 0x00000000a7800000|  0%| F|  |TAMS 0x00000000a7700000| PB 0x00000000a7700000| Untracked 
|  76|0x00000000a7800000, 0x00000000a7800000, 0x00000000a7900000|  0%| F|  |TAMS 0x00000000a7800000| PB 0x00000000a7800000| Untracked 
|  77|0x00000000a7900000, 0x00000000a7900000, 0x00000000a7a00000|  0%| F|  |TAMS 0x00000000a7900000| PB 0x00000000a7900000| Untracked 
|  78|0x00000000a7a00000, 0x00000000a7a00000, 0x00000000a7b00000|  0%| F|  |TAMS 0x00000000a7a00000| PB 0x00000000a7a00000| Untracked 
|  79|0x00000000a7b00000, 0x00000000a7b00000, 0x00000000a7c00000|  0%| F|  |TAMS 0x00000000a7b00000| PB 0x00000000a7b00000| Untracked 
|  80|0x00000000a7c00000, 0x00000000a7c00000, 0x00000000a7d00000|  0%| F|  |TAMS 0x00000000a7c00000| PB 0x00000000a7c00000| Untracked 
|  81|0x00000000a7d00000, 0x00000000a7d00000, 0x00000000a7e00000|  0%| F|  |TAMS 0x00000000a7d00000| PB 0x00000000a7d00000| Untracked 
|  82|0x00000000a7e00000, 0x00000000a7e00000, 0x00000000a7f00000|  0%| F|  |TAMS 0x00000000a7e00000| PB 0x00000000a7e00000| Untracked 
|  83|0x00000000a7f00000, 0x00000000a7f00000, 0x00000000a8000000|  0%| F|  |TAMS 0x00000000a7f00000| PB 0x00000000a7f00000| Untracked 
|  84|0x00000000a8000000, 0x00000000a8000000, 0x00000000a8100000|  0%| F|  |TAMS 0x00000000a8000000| PB 0x00000000a8000000| Untracked 
|  85|0x00000000a8100000, 0x00000000a8100000, 0x00000000a8200000|  0%| F|  |TAMS 0x00000000a8100000| PB 0x00000000a8100000| Untracked 
|  86|0x00000000a8200000, 0x00000000a8200000, 0x00000000a8300000|  0%| F|  |TAMS 0x00000000a8200000| PB 0x00000000a8200000| Untracked 
|  87|0x00000000a8300000, 0x00000000a8300000, 0x00000000a8400000|  0%| F|  |TAMS 0x00000000a8300000| PB 0x00000000a8300000| Untracked 
|  88|0x00000000a8400000, 0x00000000a8400000, 0x00000000a8500000|  0%| F|  |TAMS 0x00000000a8400000| PB 0x00000000a8400000| Untracked 
|  89|0x00000000a8500000, 0x00000000a8600000, 0x00000000a8600000|100%| E|  |TAMS 0x00000000a8500000| PB 0x00000000a8500000| Complete 
|  90|0x00000000a8600000, 0x00000000a8700000, 0x00000000a8700000|100%| E|CS|TAMS 0x00000000a8600000| PB 0x00000000a8600000| Complete 
|  91|0x00000000a8700000, 0x00000000a8800000, 0x00000000a8800000|100%| E|CS|TAMS 0x00000000a8700000| PB 0x00000000a8700000| Complete 
|  92|0x00000000a8800000, 0x00000000a8900000, 0x00000000a8900000|100%| E|CS|TAMS 0x00000000a8800000| PB 0x00000000a8800000| Complete 
|  93|0x00000000a8900000, 0x00000000a8a00000, 0x00000000a8a00000|100%| E|CS|TAMS 0x00000000a8900000| PB 0x00000000a8900000| Complete 

Card table byte_map: [0x000001b6d0cf0000,0x000001b6d0fe0000] _byte_map_base: 0x000001b6d07da000

Marking Bits: (CMBitMap*) 0x000001b6b73b32c0
 Bits: [0x000001b6d0fe0000, 0x000001b6d2730000)

Polling page: 0x000001b6b7420000

Metaspace:

Usage:
  Non-class:     16.22 MB used.
      Class:      2.28 MB used.
       Both:     18.50 MB used.

Virtual space:
  Non-class space:       64.00 MB reserved,      16.38 MB ( 26%) committed,  1 nodes.
      Class space:        1.00 GB reserved,       2.44 MB ( <1%) committed,  1 nodes.
             Both:        1.06 GB reserved,      18.81 MB (  2%) committed. 

Chunk freelists:
   Non-Class:  14.95 MB
       Class:  13.61 MB
        Both:  28.56 MB

MaxMetaspaceSize: unlimited
CompressedClassSpaceSize: 1.00 GB
Initial GC threshold: 21.00 MB
Current GC threshold: 21.00 MB
CDS: on
 - commit_granule_bytes: 65536.
 - commit_granule_words: 8192.
 - virtual_space_node_default_size: 8388608.
 - enlarge_chunks_in_place: 1.
 - use_allocation_guard: 0.


Internal statistics:

num_allocs_failed_limit: 0.
num_arena_births: 210.
num_arena_deaths: 0.
num_vsnodes_births: 2.
num_vsnodes_deaths: 0.
num_space_committed: 301.
num_space_uncommitted: 0.
num_chunks_returned_to_freelist: 0.
num_chunks_taken_from_freelist: 668.
num_chunk_merges: 0.
num_chunk_splits: 455.
num_chunks_enlarged: 364.
num_inconsistent_stats: 0.

CodeHeap 'non-profiled nmethods': size=120000Kb used=735Kb max_used=735Kb free=119264Kb
 bounds [0x000001b6c8a60000, 0x000001b6c8cd0000, 0x000001b6cff90000]
CodeHeap 'profiled nmethods': size=120000Kb used=3899Kb max_used=3899Kb free=116100Kb
 bounds [0x000001b6c0f90000, 0x000001b6c1360000, 0x000001b6c84c0000]
CodeHeap 'non-nmethods': size=5760Kb used=1519Kb max_used=1519Kb free=4240Kb
 bounds [0x000001b6c84c0000, 0x000001b6c8730000, 0x000001b6c8a60000]
 total_blobs=2637 nmethods=2049 adapters=492
 compilation: enabled
              stopped_count=0, restarted_count=0
 full_count=0

Compilation events (20 events):
Event: 7.842 Thread 0x000001b6d51bcaf0 2029       3       java.util.HashMap::<init> (8 bytes)
Event: 7.842 Thread 0x000001b6d51bcaf0 nmethod 2029 0x000001b6c1354d90 code [0x000001b6c1354f60, 0x000001b6c13550a0]
Event: 7.842 Thread 0x000001b6d51bcaf0 2030       3       java.nio.Buffer::<init> (105 bytes)
Event: 7.842 Thread 0x000001b6d51bcaf0 nmethod 2030 0x000001b6c1355190 code [0x000001b6c1355440, 0x000001b6c1355f30]
Event: 7.842 Thread 0x000001b6d51bcaf0 2031       3       org.openqa.selenium.json.JsonInput::peek (288 bytes)
Event: 7.843 Thread 0x000001b6d51bcaf0 nmethod 2031 0x000001b6c1356310 code [0x000001b6c1356720, 0x000001b6c1357e80]
Event: 7.843 Thread 0x000001b6d51bcaf0 2032       3       java.util.ArrayDeque::dec (13 bytes)
Event: 7.844 Thread 0x000001b6d51bcaf0 nmethod 2032 0x000001b6c1358690 code [0x000001b6c1358820, 0x000001b6c1358948]
Event: 7.845 Thread 0x000001b6d51bcaf0 2037       3       java.util.ImmutableCollections$ListItr::hasNext (17 bytes)
Event: 7.846 Thread 0x000001b6d51bcaf0 nmethod 2037 0x000001b6c1358a10 code [0x000001b6c1358ba0, 0x000001b6c1358d08]
Event: 7.847 Thread 0x000001b6d51bcaf0 2041       3       java.lang.invoke.LambdaFormEditor::bindArgumentL (59 bytes)
Event: 7.847 Thread 0x000001b6d51bcaf0 nmethod 2041 0x000001b6c1358d90 code [0x000001b6c1358f60, 0x000001b6c1359210]
Event: 7.847 Thread 0x000001b6d51bcaf0 2042       3       java.lang.invoke.LambdaFormBuffer::ownedCount (7 bytes)
Event: 7.847 Thread 0x000001b6d51bcaf0 nmethod 2042 0x000001b6c1359390 code [0x000001b6c1359520, 0x000001b6c1359630]
Event: 7.847 Thread 0x000001b6d51bcaf0 2043       3       java.lang.invoke.LambdaForm::normalizeNames (270 bytes)
Event: 7.848 Thread 0x000001b6d51bcaf0 nmethod 2043 0x000001b6c1359690 code [0x000001b6c1359960, 0x000001b6c135abe8]
Event: 7.848 Thread 0x000001b6d51bcaf0 2047       3       java.lang.invoke.LambdaForm::useCount (61 bytes)
Event: 7.849 Thread 0x000001b6d51bcaf0 nmethod 2047 0x000001b6c135b190 code [0x000001b6c135b360, 0x000001b6c135b6b8]
Event: 7.849 Thread 0x000001b6d51bcaf0 2044       3       java.lang.invoke.InvokerBytecodeGenerator::storeInsnOpcode (98 bytes)
Event: 7.849 Thread 0x000001b6d51bcaf0 nmethod 2044 0x000001b6c135b890 code [0x000001b6c135bb00, 0x000001b6c135c460]

GC Heap History (4 events):
Event: 1.558 GC heap before
{Heap before GC invocations=0 (full 0):
 garbage-first heap   total 96256K, used 23552K [0x00000000a2c00000, 0x0000000100000000)
  region size 1024K, 23 young (23552K), 0 survivors (0K)
 Metaspace       used 6406K, committed 6592K, reserved 1114112K
  class space    used 795K, committed 832K, reserved 1048576K
}
Event: 1.568 GC heap after
{Heap after GC invocations=1 (full 0):
 garbage-first heap   total 96256K, used 5568K [0x00000000a2c00000, 0x0000000100000000)
  region size 1024K, 3 young (3072K), 3 survivors (3072K)
 Metaspace       used 6406K, committed 6592K, reserved 1114112K
  class space    used 795K, committed 832K, reserved 1048576K
}
Event: 7.753 GC heap before
{Heap before GC invocations=1 (full 0):
 garbage-first heap   total 96256K, used 34240K [0x00000000a2c00000, 0x0000000100000000)
  region size 1024K, 31 young (31744K), 3 survivors (3072K)
 Metaspace       used 17465K, committed 17728K, reserved 1114112K
  class space    used 2128K, committed 2240K, reserved 1048576K
}
Event: 7.763 GC heap after
{Heap after GC invocations=2 (full 0):
 garbage-first heap   total 96256K, used 9579K [0x00000000a2c00000, 0x0000000100000000)
  region size 1024K, 4 young (4096K), 4 survivors (4096K)
 Metaspace       used 17465K, committed 17728K, reserved 1114112K
  class space    used 2128K, committed 2240K, reserved 1048576K
}

Dll operation events (14 events):
Event: 0.026 Loaded shared library C:\Program Files\Java\jdk-21\bin\java.dll
Event: 0.077 Loaded shared library C:\Program Files\Java\jdk-21\bin\jsvml.dll
Event: 0.229 Loaded shared library C:\Program Files\Java\jdk-21\bin\zip.dll
Event: 0.237 Loaded shared library C:\Program Files\Java\jdk-21\bin\instrument.dll
Event: 0.247 Loaded shared library C:\Program Files\Java\jdk-21\bin\net.dll
Event: 0.251 Loaded shared library C:\Program Files\Java\jdk-21\bin\nio.dll
Event: 0.258 Loaded shared library C:\Program Files\Java\jdk-21\bin\zip.dll
Event: 0.497 Loaded shared library C:\Users\astar\AppData\Local\JetBrains\IntelliJ IDEA Community Edition 2023.3.3\bin\breakgen64.dll
Event: 0.527 Loaded shared library C:\Program Files\Java\jdk-21\bin\extnet.dll
Event: 0.535 Loaded shared library C:\Program Files\Java\jdk-21\bin\jimage.dll
Event: 1.435 Loaded shared library C:\Program Files\Java\jdk-21\bin\verify.dll
Event: 7.199 Loaded shared library C:\Program Files\Java\jdk-21\bin\management.dll
Event: 7.204 Loaded shared library C:\Program Files\Java\jdk-21\bin\management_ext.dll
Event: 7.454 Loaded shared library C:\Program Files\Java\jdk-21\bin\sunmscapi.dll

Deoptimization events (20 events):
Event: 7.473 Thread 0x000001b6b71be8a0 DEOPT PACKING pc=0x000001b6c8af67b8 sp=0x00000012696fa370
Event: 7.474 Thread 0x000001b6b71be8a0 DEOPT UNPACKING pc=0x000001b6c85146a2 sp=0x00000012696fa1c8 mode 2
Event: 7.495 Thread 0x000001b6b71be8a0 DEOPT PACKING pc=0x000001b6c1273105 sp=0x00000012696f8670
Event: 7.495 Thread 0x000001b6b71be8a0 DEOPT UNPACKING pc=0x000001b6c8514e42 sp=0x00000012696f7ae0 mode 0
Event: 7.507 Thread 0x000001b6b71be8a0 DEOPT PACKING pc=0x000001b6c1273105 sp=0x00000012696f9810
Event: 7.507 Thread 0x000001b6b71be8a0 DEOPT UNPACKING pc=0x000001b6c8514e42 sp=0x00000012696f8c80 mode 0
Event: 7.546 Thread 0x000001b6b71be8a0 Uncommon trap: trap_request=0xffffff45 fr.pc=0x000001b6c8ad5518 relative=0x0000000000000998
Event: 7.546 Thread 0x000001b6b71be8a0 Uncommon trap: reason=unstable_if action=reinterpret pc=0x000001b6c8ad5518 method=java.lang.Integer.stringSize(I)I @ 19 c2
Event: 7.546 Thread 0x000001b6b71be8a0 DEOPT PACKING pc=0x000001b6c8ad5518 sp=0x00000012696fbf90
Event: 7.546 Thread 0x000001b6b71be8a0 DEOPT UNPACKING pc=0x000001b6c85146a2 sp=0x00000012696fbee8 mode 2
Event: 7.571 Thread 0x000001b6b71be8a0 DEOPT PACKING pc=0x000001b6c122c361 sp=0x00000012696fbab0
Event: 7.571 Thread 0x000001b6b71be8a0 DEOPT UNPACKING pc=0x000001b6c8514e42 sp=0x00000012696faf38 mode 0
Event: 7.696 Thread 0x000001b6b71be8a0 Uncommon trap: trap_request=0xffffff45 fr.pc=0x000001b6c8af29a0 relative=0x00000000000000e0
Event: 7.696 Thread 0x000001b6b71be8a0 Uncommon trap: reason=unstable_if action=reinterpret pc=0x000001b6c8af29a0 method=sun.reflect.generics.parser.SignatureParser.current()C @ 39 c2
Event: 7.696 Thread 0x000001b6b71be8a0 DEOPT PACKING pc=0x000001b6c8af29a0 sp=0x00000012696fba70
Event: 7.696 Thread 0x000001b6b71be8a0 DEOPT UNPACKING pc=0x000001b6c85146a2 sp=0x00000012696fba08 mode 2
Event: 7.879 Thread 0x000001b6b71be8a0 Uncommon trap: trap_request=0xffffff45 fr.pc=0x000001b6c8b11e10 relative=0x0000000000000070
Event: 7.879 Thread 0x000001b6b71be8a0 Uncommon trap: reason=unstable_if action=reinterpret pc=0x000001b6c8b11e10 method=java.lang.ref.ReferenceQueue.poll()Ljava/lang/ref/Reference; @ 4 c2
Event: 7.879 Thread 0x000001b6b71be8a0 DEOPT PACKING pc=0x000001b6c8b11e10 sp=0x00000012696faee0
Event: 7.879 Thread 0x000001b6b71be8a0 DEOPT UNPACKING pc=0x000001b6c85146a2 sp=0x00000012696fae70 mode 2

Classes loaded (20 events):
Event: 7.804 Loading class java/util/stream/ReduceOps$5
Event: 7.805 Loading class java/util/stream/ReduceOps$5 done
Event: 7.805 Loading class java/util/stream/ReduceOps$CountingSink$OfRef
Event: 7.805 Loading class java/util/stream/ReduceOps$CountingSink
Event: 7.805 Loading class java/util/stream/ReduceOps$CountingSink done
Event: 7.805 Loading class java/util/stream/ReduceOps$CountingSink$OfRef done
Event: 7.807 Loading class java/lang/CloneNotSupportedException
Event: 7.807 Loading class java/lang/CloneNotSupportedException done
Event: 7.812 Loading class java/util/stream/ReferencePipeline$15
Event: 7.812 Loading class java/util/stream/ReferencePipeline$15 done
Event: 7.814 Loading class java/util/stream/ReferencePipeline$15$1
Event: 7.814 Loading class java/util/stream/ReferencePipeline$15$1 done
Event: 7.844 Loading class sun/invoke/util/ValueConversions$1
Event: 7.845 Loading class sun/invoke/util/ValueConversions$1 done
Event: 7.845 Loading class java/lang/invoke/BoundMethodHandle$Species_LI
Event: 7.845 Loading class java/lang/invoke/BoundMethodHandle$Species_LI done
Event: 7.878 Loading class java/net/UnknownHostException
Event: 7.878 Loading class java/net/UnknownHostException done
Event: 7.895 Loading class java/lang/ArrayIndexOutOfBoundsException
Event: 7.895 Loading class java/lang/ArrayIndexOutOfBoundsException done

Classes unloaded (0 events):
No events

Classes redefined (0 events):
No events

Internal exceptions (20 events):
Event: 6.298 Thread 0x000001b71b190a70 Exception <a 'java/net/ConnectException'{0x00000000a84fa640}: Connection refused: getsockopt> (0x00000000a84fa640) 
thrown [s\open\src\hotspot\share\prims\jni.cpp, line 539]
Event: 6.629 Thread 0x000001b71b190a70 Exception <a 'java/net/ConnectException'{0x00000000a84fb5f8}: Connection refused: getsockopt> (0x00000000a84fb5f8) 
thrown [s\open\src\hotspot\share\prims\jni.cpp, line 539]
Event: 7.012 Thread 0x000001b6b71be8a0 Exception <a 'java/lang/IncompatibleClassChangeError'{0x00000000a8219968}: Found class java.lang.Object, but interface was expected> (0x00000000a8219968) 
thrown [s\open\src\hotspot\share\interpreter\linkResolver.cpp, line 840]
Event: 7.065 Thread 0x000001b6b71be8a0 Exception <a 'java/lang/NoSuchMethodError'{0x00000000a81fd238}: 'void java.lang.invoke.DirectMethodHandle$Holder.invokeStaticInit(java.lang.Object, java.lang.Object)'> (0x00000000a81fd238) 
thrown [s\open\src\hotspot\share\interpreter\linkResolver.cpp, line 773]
Event: 7.137 Thread 0x000001b6b71be8a0 Exception <a 'java/lang/NoClassDefFoundError'{0x00000000a7f53140}> (0x00000000a7f53140) 
thrown [s\open\src\hotspot\share\oops\instanceKlass.cpp, line 1180]
Event: 7.139 Thread 0x000001b6b71be8a0 Exception <a 'java/lang/NoClassDefFoundError'{0x00000000a7f5e790}: org/apache/logging/log4j/spi/ExtendedLoggerWrapper> (0x00000000a7f5e790) 
thrown [s\open\src\hotspot\share\classfile\systemDictionary.cpp, line 301]
Event: 7.143 Thread 0x000001b6b71be8a0 Exception <a 'java/lang/NoClassDefFoundError'{0x00000000a7f68550}: org/apache/log4j/Priority> (0x00000000a7f68550) 
thrown [s\open\src\hotspot\share\classfile\systemDictionary.cpp, line 301]
Event: 7.312 Thread 0x000001b6b71be8a0 Exception <a 'sun/nio/fs/WindowsException'{0x00000000a7bb01a8}> (0x00000000a7bb01a8) 
thrown [s\open\src\hotspot\share\prims\jni.cpp, line 520]
Event: 7.663 Thread 0x000001b6b71be8a0 Exception <a 'java/lang/NoSuchMethodError'{0x00000000a6c51f60}: 'java.lang.Object java.lang.invoke.DirectMethodHandle$Holder.invokeVirtual(java.lang.Object, java.lang.Object, java.lang.Object)'> (0x00000000a6c51f60) 
thrown [s\open\src\hotspot\share\interpreter\linkResolver.cpp, line 773]
Event: 7.702 Thread 0x000001b6b71be8a0 Exception <a 'java/lang/NoSuchMethodError'{0x00000000a6b55180}: 'double java.lang.invoke.DirectMethodHandle$Holder.invokeVirtual(java.lang.Object, java.lang.Object)'> (0x00000000a6b55180) 
thrown [s\open\src\hotspot\share\interpreter\linkResolver.cpp, line 773]
Event: 7.704 Thread 0x000001b6b71be8a0 Exception <a 'java/lang/NoSuchMethodError'{0x00000000a6b5b210}: 'float java.lang.invoke.DirectMethodHandle$Holder.invokeVirtual(java.lang.Object, java.lang.Object)'> (0x00000000a6b5b210) 
thrown [s\open\src\hotspot\share\interpreter\linkResolver.cpp, line 773]
Event: 7.705 Thread 0x000001b6b71be8a0 Exception <a 'java/lang/NoSuchMethodError'{0x00000000a6b63a70}: 'long java.lang.invoke.DirectMethodHandle$Holder.invokeVirtual(java.lang.Object, java.lang.Object)'> (0x00000000a6b63a70) 
thrown [s\open\src\hotspot\share\interpreter\linkResolver.cpp, line 773]
Event: 7.775 Thread 0x000001b6b71be8a0 Exception <a 'java/lang/NoSuchMethodError'{0x00000000a89b34a8}: 'java.lang.Object java.lang.invoke.DirectMethodHandle$Holder.newInvokeSpecial(java.lang.Object, java.lang.Object, int, int)'> (0x00000000a89b34a8) 
thrown [s\open\src\hotspot\share\interpreter\linkResolver.cpp, line 773]
Event: 7.777 Thread 0x000001b6b71be8a0 Exception <a 'java/lang/NoSuchMethodError'{0x00000000a89bd980}: 'void java.lang.invoke.DirectMethodHandle$Holder.invokeStatic(java.lang.Object, java.lang.Object, int)'> (0x00000000a89bd980) 
thrown [s\open\src\hotspot\share\interpreter\linkResolver.cpp, line 773]
Event: 7.838 Thread 0x000001b6b71be8a0 Exception <a 'java/lang/NoSuchMethodError'{0x00000000a8721fb0}: 'int java.lang.invoke.DirectMethodHandle$Holder.invokeSpecialIFC(java.lang.Object, java.lang.Object, java.lang.Object)'> (0x00000000a8721fb0) 
thrown [s\open\src\hotspot\share\interpreter\linkResolver.cpp, line 773]
Event: 7.844 Thread 0x000001b6b71be8a0 Exception <a 'java/lang/NoSuchMethodError'{0x00000000a8767258}: 'java.lang.Object java.lang.invoke.DirectMethodHandle$Holder.invokeSpecial(java.lang.Object, java.lang.Object, java.lang.Object, java.lang.Object, long)'> (0x00000000a8767258) 
thrown [s\open\src\hotspot\share\interpreter\linkResolver.cpp, line 773]
Event: 7.845 Thread 0x000001b6b71be8a0 Exception <a 'java/lang/NoSuchMethodError'{0x00000000a876b938}: 'long java.lang.invoke.DirectMethodHandle$Holder.invokeStatic(java.lang.Object, java.lang.Object, int)'> (0x00000000a876b938) 
thrown [s\open\src\hotspot\share\interpreter\linkResolver.cpp, line 773]
Event: 7.846 Thread 0x000001b6b71be8a0 Exception <a 'java/lang/NoSuchMethodError'{0x00000000a877da08}: 'java.lang.Object java.lang.invoke.DirectMethodHandle$Holder.invokeStatic(java.lang.Object, java.lang.Object, java.lang.Object, java.lang.Object, int)'> (0x00000000a877da08) 
thrown [s\open\src\hotspot\share\interpreter\linkResolver.cpp, line 773]
Event: 7.847 Thread 0x000001b6b71be8a0 Exception <a 'java/lang/NoSuchMethodError'{0x00000000a87855a8}: 'java.lang.Object java.lang.invoke.DirectMethodHandle$Holder.invokeSpecial(java.lang.Object, java.lang.Object, java.lang.Object, java.lang.Object, java.lang.Object, long)'> (0x00000000a87855a8) 
thrown [s\open\src\hotspot\share\interpreter\linkResolver.cpp, line 773]
Event: 7.891 Thread 0x000001b6b71be8a0 Exception <a 'java/lang/NoSuchMethodError'{0x00000000a86f7458}: 'java.lang.Object java.lang.invoke.DirectMethodHandle$Holder.invokeVirtual(java.lang.Object, java.lang.Object, java.lang.Object, java.lang.Object)'> (0x00000000a86f7458) 
thrown [s\open\src\hotspot\share\interpreter\linkResolver.cpp, line 773]

ZGC Phase Switch (0 events):
No events

VM Operations (20 events):
Event: 3.238 Executing VM operation: HandshakeAllThreads (Deoptimize)
Event: 3.238 Executing VM operation: HandshakeAllThreads (Deoptimize) done
Event: 4.240 Executing VM operation: Cleanup
Event: 4.240 Executing VM operation: Cleanup done
Event: 6.267 Executing VM operation: Cleanup
Event: 6.267 Executing VM operation: Cleanup done
Event: 6.978 Executing VM operation: HandshakeAllThreads (Deoptimize)
Event: 6.978 Executing VM operation: HandshakeAllThreads (Deoptimize) done
Event: 7.128 Executing VM operation: HandshakeAllThreads (Deoptimize)
Event: 7.128 Executing VM operation: HandshakeAllThreads (Deoptimize) done
Event: 7.153 Executing VM operation: HandshakeAllThreads (Deoptimize)
Event: 7.153 Executing VM operation: HandshakeAllThreads (Deoptimize) done
Event: 7.284 Executing VM operation: HandshakeAllThreads (Deoptimize)
Event: 7.284 Executing VM operation: HandshakeAllThreads (Deoptimize) done
Event: 7.284 Executing VM operation: Cleanup
Event: 7.284 Executing VM operation: Cleanup done
Event: 7.314 Executing VM operation: HandshakeAllThreads (Deoptimize)
Event: 7.314 Executing VM operation: HandshakeAllThreads (Deoptimize) done
Event: 7.753 Executing VM operation: G1CollectForAllocation (G1 Evacuation Pause)
Event: 7.763 Executing VM operation: G1CollectForAllocation (G1 Evacuation Pause) done

Events (20 events):
Event: 0.074 Thread 0x000001b6d51aa900 Thread added: 0x000001b6d51aa900
Event: 0.074 Thread 0x000001b6d51ab910 Thread added: 0x000001b6d51ab910
Event: 0.074 Thread 0x000001b6d51ae810 Thread added: 0x000001b6d51ae810
Event: 0.074 Thread 0x000001b6d51b7680 Thread added: 0x000001b6d51b7680
Event: 0.074 Thread 0x000001b6d51bb710 Thread added: 0x000001b6d51bb710
Event: 0.074 Thread 0x000001b6d51bcaf0 Thread added: 0x000001b6d51bcaf0
Event: 0.196 Thread 0x000001b6d53ff0a0 Thread added: 0x000001b6d53ff0a0
Event: 0.499 Thread 0x000001b6d54d2a50 Thread added: 0x000001b6d54d2a50
Event: 0.499 Thread 0x000001b6d55fcb10 Thread added: 0x000001b6d55fcb10
Event: 1.118 Thread 0x000001b6d5c1aae0 Thread added: 0x000001b6d5c1aae0
Event: 3.205 Thread 0x000001b6d5c1aae0 Thread exited: 0x000001b6d5c1aae0
Event: 3.235 Thread 0x000001b6d5c1aae0 Thread added: 0x000001b6d5c1aae0
Event: 3.238 Thread 0x000001b71b190a70 Thread added: 0x000001b71b190a70
Event: 3.247 Thread 0x000001b6d5f5e7c0 Thread added: 0x000001b6d5f5e7c0
Event: 3.247 Thread 0x000001b71b1f64d0 Thread added: 0x000001b71b1f64d0
Event: 6.978 Thread 0x000001b71b27d1f0 Thread added: 0x000001b71b27d1f0
Event: 7.045 Thread 0x000001b6d5210db0 Thread added: 0x000001b6d5210db0
Event: 7.228 Thread 0x000001b6d557dfc0 Thread added: 0x000001b6d557dfc0
Event: 7.410 Thread 0x000001b6d5bbea50 Thread added: 0x000001b6d5bbea50
Event: 7.679 Thread 0x000001b6d5bbea50 Thread exited: 0x000001b6d5bbea50


Dynamic libraries:
0x00007ff752d00000 - 0x00007ff752d10000 	C:\Program Files\Java\jdk-21\bin\java.exe
0x00007ffa0c730000 - 0x00007ffa0c946000 	C:\Windows\SYSTEM32\ntdll.dll
0x00007ffa0b010000 - 0x00007ffa0b0d4000 	C:\Windows\System32\KERNEL32.DLL
0x00007ffa0a0d0000 - 0x00007ffa0a476000 	C:\Windows\System32\KERNELBASE.dll
0x00007ffa09da0000 - 0x00007ffa09eb1000 	C:\Windows\System32\ucrtbase.dll
0x00007ff9fa210000 - 0x00007ff9fa22b000 	C:\Program Files\Java\jdk-21\bin\VCRUNTIME140.dll
0x00007ff9f9fc0000 - 0x00007ff9f9fd9000 	C:\Program Files\Java\jdk-21\bin\jli.dll
0x00007ffa0b2e0000 - 0x00007ffa0b392000 	C:\Windows\System32\ADVAPI32.dll
0x00007ffa0b180000 - 0x00007ffa0b227000 	C:\Windows\System32\msvcrt.dll
0x00007ffa0bde0000 - 0x00007ffa0be88000 	C:\Windows\System32\sechost.dll
0x00007ffa09af0000 - 0x00007ffa09b18000 	C:\Windows\System32\bcrypt.dll
0x00007ffa0abd0000 - 0x00007ffa0ace5000 	C:\Windows\System32\RPCRT4.dll
0x00007ffa0a920000 - 0x00007ffa0aacd000 	C:\Windows\System32\USER32.dll
0x00007ffa09d00000 - 0x00007ffa09d26000 	C:\Windows\System32\win32u.dll
0x00007ffa0bdb0000 - 0x00007ffa0bdd9000 	C:\Windows\System32\GDI32.dll
0x00007ff9fc090000 - 0x00007ff9fc323000 	C:\Windows\WinSxS\amd64_microsoft.windows.common-controls_6595b64144ccf1df_6.0.22621.3235_none_270f74e173860f98\COMCTL32.dll
0x00007ffa09be0000 - 0x00007ffa09cf8000 	C:\Windows\System32\gdi32full.dll
0x00007ffa0a030000 - 0x00007ffa0a0ca000 	C:\Windows\System32\msvcp_win.dll
0x00007ff9fe700000 - 0x00007ff9fe70a000 	C:\Windows\SYSTEM32\VERSION.dll
0x00007ffa0ab70000 - 0x00007ffa0aba1000 	C:\Windows\System32\IMM32.DLL
0x00007ff9ffab0000 - 0x00007ff9ffabc000 	C:\Program Files\Java\jdk-21\bin\vcruntime140_1.dll
0x00007ff9cc350000 - 0x00007ff9cc3de000 	C:\Program Files\Java\jdk-21\bin\msvcp140.dll
0x00007ff998bb0000 - 0x00007ff9998c7000 	C:\Program Files\Java\jdk-21\bin\server\jvm.dll
0x00007ffa0b400000 - 0x00007ffa0b471000 	C:\Windows\System32\WS2_32.dll
0x00007ffa08900000 - 0x00007ffa0894d000 	C:\Windows\SYSTEM32\POWRPROF.dll
0x00007ffa016a0000 - 0x00007ffa016d4000 	C:\Windows\SYSTEM32\WINMM.dll
0x00007ffa088b0000 - 0x00007ffa088c3000 	C:\Windows\SYSTEM32\UMPDC.dll
0x00007ffa08b70000 - 0x00007ffa08b88000 	C:\Windows\SYSTEM32\kernel.appcore.dll
0x00007ff9fc560000 - 0x00007ff9fc56a000 	C:\Program Files\Java\jdk-21\bin\jimage.dll
0x00007ffa07460000 - 0x00007ffa07693000 	C:\Windows\SYSTEM32\DBGHELP.DLL
0x00007ffa0a590000 - 0x00007ffa0a918000 	C:\Windows\System32\combase.dll
0x00007ffa0b5b0000 - 0x00007ffa0b687000 	C:\Windows\System32\OLEAUT32.dll
0x00007ff9ff2b0000 - 0x00007ff9ff2e2000 	C:\Windows\SYSTEM32\dbgcore.DLL
0x00007ffa09a70000 - 0x00007ffa09aea000 	C:\Windows\System32\bcryptPrimitives.dll
0x00007ff9f9fb0000 - 0x00007ff9f9fbf000 	C:\Program Files\Java\jdk-21\bin\instrument.dll
0x00007ff9f9ce0000 - 0x00007ff9f9cff000 	C:\Program Files\Java\jdk-21\bin\java.dll
0x00007ffa0be90000 - 0x00007ffa0c6ed000 	C:\Windows\System32\SHELL32.dll
0x00007ffa07980000 - 0x00007ffa08278000 	C:\Windows\SYSTEM32\windows.storage.dll
0x00007ffa07840000 - 0x00007ffa0797e000 	C:\Windows\SYSTEM32\wintypes.dll
0x00007ffa0b690000 - 0x00007ffa0b783000 	C:\Windows\System32\SHCORE.dll
0x00007ffa0b3a0000 - 0x00007ffa0b3fe000 	C:\Windows\System32\shlwapi.dll
0x00007ffa099a0000 - 0x00007ffa099c6000 	C:\Windows\SYSTEM32\profapi.dll
0x00007ff9cb8a0000 - 0x00007ff9cb977000 	C:\Program Files\Java\jdk-21\bin\jsvml.dll
0x00007ff9f8c10000 - 0x00007ff9f8c28000 	C:\Program Files\Java\jdk-21\bin\zip.dll
0x00007ff9fb130000 - 0x00007ff9fb140000 	C:\Program Files\Java\jdk-21\bin\net.dll
0x00007ffa03480000 - 0x00007ffa035b7000 	C:\Windows\SYSTEM32\WINHTTP.dll
0x00007ffa09000000 - 0x00007ffa09069000 	C:\Windows\system32\mswsock.dll
0x00007ff9f9510000 - 0x00007ff9f9526000 	C:\Program Files\Java\jdk-21\bin\nio.dll
0x00007ff9daa90000 - 0x00007ff9daaaa000 	C:\Users\astar\AppData\Local\JetBrains\IntelliJ IDEA Community Edition 2023.3.3\bin\breakgen64.dll
0x00007ff9fb0c0000 - 0x00007ff9fb0c9000 	C:\Program Files\Java\jdk-21\bin\extnet.dll
0x00007ffa09270000 - 0x00007ffa0928b000 	C:\Windows\SYSTEM32\CRYPTSP.dll
0x00007ffa08ad0000 - 0x00007ffa08b05000 	C:\Windows\system32\rsaenh.dll
0x00007ffa090f0000 - 0x00007ffa0911c000 	C:\Windows\SYSTEM32\USERENV.dll
0x00007ffa09290000 - 0x00007ffa0929c000 	C:\Windows\SYSTEM32\CRYPTBASE.dll
0x00007ffa084d0000 - 0x00007ffa084fd000 	C:\Windows\SYSTEM32\IPHLPAPI.DLL
0x00007ffa0b0e0000 - 0x00007ffa0b0e9000 	C:\Windows\System32\NSI.dll
0x00007ff9f9fa0000 - 0x00007ff9f9fb0000 	C:\Program Files\Java\jdk-21\bin\verify.dll
0x00007ffa085b0000 - 0x00007ffa086a9000 	C:\Windows\SYSTEM32\DNSAPI.dll
0x0000000057070000 - 0x0000000057096000 	C:\Program Files\Bonjour\mdnsNSP.dll
0x00007ffa03670000 - 0x00007ffa0367a000 	C:\Windows\System32\rasadhlp.dll
0x00007ffa00ef0000 - 0x00007ffa00f73000 	C:\Windows\System32\fwpuclnt.dll
0x00007ff9f8c00000 - 0x00007ff9f8c0a000 	C:\Program Files\Java\jdk-21\bin\management.dll
0x00007ff9eefa0000 - 0x00007ff9eefab000 	C:\Program Files\Java\jdk-21\bin\management_ext.dll
0x00007ffa0a580000 - 0x00007ffa0a588000 	C:\Windows\System32\PSAPI.DLL
0x00007ff9eef90000 - 0x00007ff9eef9e000 	C:\Program Files\Java\jdk-21\bin\sunmscapi.dll
0x00007ffa09ec0000 - 0x00007ffa0a026000 	C:\Windows\System32\CRYPT32.dll
0x00007ffa09430000 - 0x00007ffa0945e000 	C:\Windows\SYSTEM32\ncrypt.dll
0x00007ffa093f0000 - 0x00007ffa09427000 	C:\Windows\SYSTEM32\NTASN1.dll
0x00007ffa04d80000 - 0x00007ffa04d88000 	C:\Windows\system32\wshunix.dll

dbghelp: loaded successfully - version: 4.0.5 - missing functions: none
symbol engine: initialized successfully - sym options: 0x614 - pdb path: .;C:\Program Files\Java\jdk-21\bin;C:\Windows\SYSTEM32;C:\Windows\WinSxS\amd64_microsoft.windows.common-controls_6595b64144ccf1df_6.0.22621.3235_none_270f74e173860f98;C:\Program Files\Java\jdk-21\bin\server;C:\Users\astar\AppData\Local\JetBrains\IntelliJ IDEA Community Edition 2023.3.3\bin;C:\Program Files\Bonjour

VM Arguments:
jvm_args: -Dorg.jetbrains.run.directory=C:\Users\astar\Downloads\My_demo_app_cucumber-main\My_demo_app_cucumber-main\src\main\resources\features -javaagent:C:\Users\astar\AppData\Local\JetBrains\IntelliJ IDEA Community Edition 2023.3.3\lib\idea_rt.jar=54251:C:\Users\astar\AppData\Local\JetBrains\IntelliJ IDEA Community Edition 2023.3.3\bin -Dfile.encoding=UTF-8 -Dsun.stdout.encoding=UTF-8 -Dsun.stderr.encoding=UTF-8 
java_command: io.cucumber.core.cli.Main --plugin org.jetbrains.plugins.cucumber.java.run.CucumberJvm5SMFormatter --name ^User  successfully logs in and is redirected to Products page$ --glue steps C:/Users/astar/Downloads/My_demo_app_cucumber-main/My_demo_app_cucumber-main/src/main/resources/features/pageLogin.feature
java_class_path (initial): C:\Users\astar\Downloads\My_demo_app_cucumber-main\My_demo_app_cucumber-main\target\test-classes;C:\Users\astar\Downloads\My_demo_app_cucumber-main\My_demo_app_cucumber-main\target\classes;C:\Users\astar\.m2\repository\io\appium\java-client\8.6.0\java-client-8.6.0.jar;C:\Users\astar\.m2\repository\org\seleniumhq\selenium\selenium-api\4.13.0\selenium-api-4.13.0.jar;C:\Users\astar\.m2\repository\org\seleniumhq\selenium\selenium-remote-driver\4.13.0\selenium-remote-driver-4.13.0.jar;C:\Users\astar\.m2\repository\com\google\auto\service\auto-service-annotations\1.1.1\auto-service-annotations-1.1.1.jar;C:\Users\astar\.m2\repository\io\netty\netty-buffer\4.1.96.Final\netty-buffer-4.1.96.Final.jar;C:\Users\astar\.m2\repository\io\netty\netty-codec-http\4.1.96.Final\netty-codec-http-4.1.96.Final.jar;C:\Users\astar\.m2\repository\io\netty\netty-codec\4.1.96.Final\netty-codec-4.1.96.Final.jar;C:\Users\astar\.m2\repository\io\netty\netty-handler\4.1.96.Final\netty-handler-4.1.96.Final.jar;C:\Users\astar\.m2\repository\io\netty\netty-common\4.1.96.Final\netty-common-4.1.96.Final.jar;C:\Users\astar\.m2\repository\io\netty\netty-transport-classes-epoll\4.1.96.Final\netty-transport-classes-epoll-4.1.96.Final.jar;C:\Users\astar\.m2\repository\io\netty\netty-transport-classes-kqueue\4.1.96.Final\netty-transport-classes-kqueue-4.1.96.Final.jar;C:\Users\astar\.m2\repository\io\netty\netty-transport-native-epoll\4.1.96.Final\netty-transport-native-epoll-4.1.96.Final.jar;C:\Users\astar\.m2\repository\io\netty\netty-transport-native-kqueue\4.1.96.Final\netty-transport-native-kqueue-4.1.96.Final.jar;C:\Users\astar\.m2\repository\io\netty\netty-transport-native-unix-common\4.1.96.Final\netty-transport-native-unix-common-4.1.96.Final.jar;C:\Users\astar\.m2\repository\io\netty\netty-transport\4.1.96.Final\netty-transport-4.1.96.Final.jar;C:\Users\astar\.m2\repository\io\netty\netty-resolver\4.1.96.Final\netty-resolver-4.1.96.Final.jar;C:\Users\astar\.m2\repository\io\opentelemetry\opentelemetry-api\1.28.0\opentelemetry-api-1.28.0.jar;C:\Users\astar\.m2\repository\io\opentelemetry\opentelemetry-context\1.28.0\opentelemetry-context-1.28.0.jar;C:\Users\astar\.m2\repository\io\opentelemetry\opentelemetry-exporter-logging\1.28.0\opentelemetry-exporter-logging-1.28.0.jar;C:\Users\astar\.m2\repository\io\opentelemetry\opentelemetry-sdk-metrics\1.28.0\opentelemetry-sdk-metrics-1.28.0.jar;C:\Users\astar\.m2\repository\io\opentelemetry\opentelemetry-extension-incubator\1.28.0-alpha\opentelemetry-extension-incubator-1.28.0-alpha.jar;C:\Users\astar\.m2\repository\io\opentelemetry\opentelemetry-sdk-logs\1.28.0\opentelemetry-sdk-logs-1.28.0.jar;C:\Users\astar\.m2\repository\io\opentelemetry\opentelemetry-sdk-common\1.28.0\opentelemetry-sdk-common-1.28.0.jar;C:\Users\astar\.m2\repository\io\opentelemetry\opentelemetry-sdk-extension-autoconfigure-spi\1.28.0\opentelemetry-sdk-extension-autoconfigure-spi-1.28.0.jar;C:\Users\astar\.m2\repository\io\opentelemetry\opentelemetry-sdk-extension-autoconfigure\1.28.0\opentelemetry-sdk-extension-autoconfigure-1.28.0.jar;C:\Users\astar\.m2\repository\io\opentelemetry\opentelemetry-api-events\1.28.0-alpha\opentelemetry-api-events-1.28.0-alpha.jar;C:\Users\astar\.m2\repository\io\opentelemetry\opentelemetry-sdk-trace\1.28.0\opentelemetry-sdk-trace-1.28.0.jar;C:\Users\astar\.m2\repository\io\opentelemetry\opentelemetry-sdk\1.28.0\opentelemetry-sdk-1.28.0.jar;C:\Users\astar\.m2\repository\io\opentelemetry\opentelemetry-semconv\1.28.0-alpha\opentelemetry-semconv-1.28.0-alpha.jar;C:\Users\astar\.m2\repository\org\asynchttpclient\async-http-client\2.12.3\async-http-client-2.12.3.jar;C:\Users\astar\.m2\repository\org\asynchttpclient\async-http-client-netty-utils\2.12.3\async-http-client-netty-utils-2.12.3.jar;C:\Users\astar\.m2\repository\io\netty\netty-codec-socks\4.1.60.Final\netty-codec-socks-4.1.60.Final.jar;C:\Users\astar\.m2\repository\io\netty\netty-handler-proxy\4.1.60.Final\netty-handler-proxy-4.1.60.Final.jar;C:\Users\astar\.m2\repository\io\netty\netty-transport-native-epoll\4.1.60.Final\netty-transport-native-epoll-4.1.60.Final-linux-x86_64.jar;C:\Users\astar\.m2\repository\io\netty\netty-transport-native-kqueue\4.1.60.Final\netty-transport-native-kqueue-4.1.60.Final-osx-x86_64.jar;C:\Users\astar\.m2\repository\org\reactivestreams\reactive-streams\1.0.3\reactive-streams-1.0.3.jar;C:\Users\astar\.m2\repository\com\typesafe\netty\netty-reactive-streams\2.0.4\netty-reactive-streams-2.0.4.jar;C:\Users\astar\.m2\repository\com\sun\activation\jakarta.activation\1.2.2\jakarta.activation-1.2.2.jar;C:\Users\astar\.m2\repository\org\seleniumhq\selenium\selenium-http\4.13.0\selenium-http-4.13.0.jar;C:\Users\astar\.m2\repository\dev\failsafe\failsafe\3.3.2\failsafe-3.3.2.jar;C:\Users\astar\.m2\repository\org\seleniumhq\selenium\selenium-json\4.13.0\selenium-json-4.13.0.jar;C:\Users\astar\.m2\repository\org\seleniumhq\selenium\selenium-manager\4.13.0\selenium-manager-4.13.0.jar;C:\Users\astar\.m2\repository\org\seleniumhq\selenium\selenium-os\4.13.0\selenium-os-4.13.0.jar;C:\Users\astar\.m2\repository\org\seleniumhq\selenium\selenium-support\4.13.0\selenium-support-4.13.0.jar;C:\Users\astar\.m2\repository\com\google\code\gson\gson\2.10.1\gson-2.10.1.jar;C:\Users\astar\.m2\repository\org\apache\commons\commons-lang3\3.13.0\commons-lang3-3.13.0.jar;C:\Users\astar\.m2\repository\commons-io\commons-io\2.14.0\commons-io-2.14.0.jar;C:\Users\astar\.m2\repository\org\slf4j\slf4j-api\2.0.9\slf4j-api-2.0.9.jar;C:\Users\astar\.m2\repository\io\cucumber\cucumber-picocontainer\7.13.0\cucumber-picocontainer-7.13.0.jar;C:\Users\astar\.m2\repository\org\apiguardian\apiguardian-api\1.1.2\apiguardian-api-1.1.2.jar;C:\Users\astar\.m2\repository\org\picocontainer\picocontainer\2.15\picocontainer-2.15.jar;C:\Users\astar\.m2\repository\io\cucumber\cucumber-java\7.13.0\cucumber-java-7.13.0.jar;C:\Users\astar\.m2\repository\io\cucumber\cucumber-junit\7.13.0\cucumber-junit-7.13.0.jar;C:\Users\astar\.m2\repository\junit\junit\4.13.2\junit-4.13.2.jar;C:\Users\astar\.m2\repository\org\hamcrest\hamcrest-core\1.3\hamcrest-core-1.3.jar;C:\Users\astar\.m2\repository\io\cucumber\cucumber-core\7.13.0\cucumber-core-7.13.0.jar;C:\Users\astar\.m2\repository\io\cucumber\cucumber-gherkin\7.13.0\cucumber-gherkin-7.13.0.jar;C:\Users\astar\.m2\repository\io\cucumber\cucumber-gherkin-messages\7.13.0\cucumber-gherkin-messages-7.13.0.jar;C:\Users\astar\.m2\repository\io\cucumber\messages\22.0.0\messages-22.0.0.jar;C:\Users\astar\.m2\repository\io\cucumber\tag-expressions\5.0.1\tag-expressions-5.0.1.jar;C:\Users\astar\.m2\repository\io\cucumber\cucumber-expressions\16.1.2\cucumber-expressions-16.1.2.jar;C:\Users\astar\.m2\repository\io\cucumber\datatable\7.13.0\datatable-7.13.0.jar;C:\Users\astar\.m2\repository\io\cucumber\cucumber-plugin\7.13.0\cucumber-plugin-7.13.0.jar;C:\Users\astar\.m2\repository\io\cucumber\docstring\7.13.0\docstring-7.13.0.jar;C:\Users\astar\.m2\repository\io\cucumber\html-formatter\20.3.1\html-formatter-20.3.1.jar;C:\Users\astar\.m2\repository\io\cucumber\junit-xml-formatter\0.2.0\junit-xml-formatter-0.2.0.jar;C:\Users\astar\.m2\repository\io\cucumber\ci-environment\9.2.0\ci-environment-9.2.0.jar;C:\Users\astar\.m2\repository\io\cucumber\gherkin\26.2.0\gherkin-26.2.0.jar;C:\Users\astar\.m2\repository\org\seleniumhq\selenium\selenium-java\3.141.59\selenium-java-3.141.59.jar;C:\Users\astar\.m2\repository\org\seleniumhq\selenium\selenium-chrome-driver\3.141.59\selenium-chrome-driver-3.141.59.jar;C:\Users\astar\.m2\repository\org\seleniumhq\selenium\selenium-edge-driver\3.141.59\selenium-edge-driver-3.141.59.jar;C:\Users\astar\.m2\repository\org\seleniumhq\selenium\selenium-firefox-driver\3.141.59\selenium-firefox-driver-3.141.59.jar;C:\Users\astar\.m2\repository\org\seleniumhq\selenium\selenium-ie-driver\3.141.59\selenium-ie-driver-3.141.59.jar;C:\Users\astar\.m2\repository\org\seleniumhq\selenium\selenium-opera-driver\3.141.59\selenium-opera-driver-3.141.59.jar;C:\Users\astar\.m2\repository\org\seleniumhq\selenium\selenium-safari-driver\3.141.59\selenium-safari-driver-3.141.59.jar;C:\Users\astar\.m2\repository\net\bytebuddy\byte-buddy\1.8.15\byte-buddy-1.8.15.jar;C:\Users\astar\.m2\repository\org\apache\commons\commons-exec\1.3\commons-exec-1.3.jar;C:\Users\astar\.m2\repository\com\google\guava\guava\25.0-jre\guava-25.0-jre.jar;C:\Users\astar\.m2\repository\com\google\code\findbugs\jsr305\1.3.9\jsr305-1.3.9.jar;C:\Users\astar\.m2\repository\org\checkerframework\checker-compat-qual\2.0.0\checker-compat-qual-2.0.0.jar;C:\Users\astar\.m2\repository\com\google\errorprone\error_prone_annotations\2.1.3\error_prone_annotations-2.1.3.jar;C:\Users\astar\.m2\repository\com\google\j2objc\j2objc-annotations\1.1\j2objc-annotations-1.1.jar;C:\Users\astar\.m2\repository\org\codehaus\mojo\animal-sniffer-annotations\1.14\animal-sniffer-annotations-1.14.jar;C:\Users\astar\.m2\repository\com\squareup\okhttp3\okhttp\3.11.0\okhttp-3.11.0.jar;C:\Users\astar\.m2\repository\com\squareup\okio\okio\1.14.0\okio-1.14.0.jar;C:\Users\astar\.m2\repository\org\junit\jupiter\junit-jupiter-params\5.9.2\junit-jupiter-params-5.9.2.jar;C:\Users\astar\.m2\repository\org\junit\jupiter\junit-jupiter-api\5.9.2\junit-jupiter-api-5.9.2.jar;C:\Users\astar\.m2\repository\org\opentest4j\opentest4j\1.2.0\opentest4j-1.2.0.jar;C:\Users\astar\.m2\repository\org\junit\platform\junit-platform-commons\1.9.2\junit-platform-commons-1.9.2.jar;C:\Users\astar\.m2\repository\org\junit\platform\junit-platform-reporting\1.9.1\junit-platform-reporting-1.9.1.jar;C:\Users\astar\.m2\repository\org\junit\platform\junit-platform-launcher\1.9.1\junit-platform-launcher-1.9.1.jar;C:\Users\astar\.m2\repository\org\junit\platform\junit-platform-engine\1.9.1\junit-platform-engine-1.9.1.jar;C:\Users\astar\AppData\Local\JetBrains\IntelliJ IDEA Community Edition 2023.3.3\plugins\junit\lib\junit-rt.jar;C:\Users\astar\AppData\Roaming\JetBrains\IdeaIC2023.3\plugins\cucumber-java\lib\cucumber-jvmFormatter.jar;C:\Users\astar\AppData\Roaming\JetBrains\IdeaIC2023.3\plugins\cucumber-java\lib\cucumber-jvmFormatter5.jar;C:\Users\astar\AppData\Roaming\JetBrains\IdeaIC2023.3\plugins\cucumber-java\lib\cucumber-jvmFormatter4.jar;C:\Users\astar\AppData\Roaming\JetBrains\IdeaIC2023.3\plugins\cucumber-java\lib\cucumber-jvmFormatter3.jar
Launcher Type: SUN_STANDARD

[Global flags]
     intx CICompilerCount                          = 4                                         {product} {ergonomic}
     uint ConcGCThreads                            = 2                                         {product} {ergonomic}
     uint G1ConcRefinementThreads                  = 8                                         {product} {ergonomic}
   size_t G1HeapRegionSize                         = 1048576                                   {product} {ergonomic}
    uintx GCDrainStackTargetSize                   = 64                                        {product} {ergonomic}
   size_t InitialHeapSize                          = 98566144                                  {product} {ergonomic}
   size_t MarkStackSize                            = 4194304                                   {product} {ergonomic}
   size_t MaxHeapSize                              = 1564475392                                {product} {ergonomic}
   size_t MaxNewSize                               = 938475520                                 {product} {ergonomic}
   size_t MinHeapDeltaBytes                        = 1048576                                   {product} {ergonomic}
   size_t MinHeapSize                              = 8388608                                   {product} {ergonomic}
    uintx NonNMethodCodeHeapSize                   = 5839372                                {pd product} {ergonomic}
    uintx NonProfiledCodeHeapSize                  = 122909434                              {pd product} {ergonomic}
    uintx ProfiledCodeHeapSize                     = 122909434                              {pd product} {ergonomic}
    uintx ReservedCodeCacheSize                    = 251658240                              {pd product} {ergonomic}
     bool SegmentedCodeCache                       = true                                      {product} {ergonomic}
   size_t SoftMaxHeapSize                          = 1564475392                             {manageable} {ergonomic}
     bool UseCompressedOops                        = true                           {product lp64_product} {ergonomic}
     bool UseG1GC                                  = true                                      {product} {ergonomic}
     bool UseLargePagesIndividualAllocation        = false                                  {pd product} {ergonomic}

Logging:
Log output configuration:
 #0: stdout all=warning uptime,level,tags foldmultilines=false
 #1: stderr all=off uptime,level,tags foldmultilines=false

Environment Variables:
JAVA_HOME=C:\Program Files\Java\jdk-21
PATH=C:\Program Files\Common Files\Oracle\Java\javapath;C:\Program Files (x86)\Common Files\Oracle\Java\javapath;C:\Windows\system32;C:\Windows;C:\Windows\System32\Wbem;C:\Windows\System32\WindowsPowerShell\v1.0\;C:\Windows\System32\OpenSSH\;C:\Program Files\nodejs\;C:\Program Files\Git\cmd;;C:\Users\astar\AppData\Local\Android\Sdk\platform-tools;C:\Users\astar\AppData\Local\Microsoft\WindowsApps;C:\Program Files (x86)\apache-maven-3.9.6\bin;C:\Users\astar\AppData\Roaming\npm;C:\Users\astar\AppData\Local\GitHubDesktop\bin
USERNAME=astar
OS=Windows_NT
PROCESSOR_IDENTIFIER=AMD64 Family 23 Model 160 Stepping 0, AuthenticAMD
TMP=C:\Users\astar\AppData\Local\Temp
TEMP=C:\Users\astar\AppData\Local\Temp




Periodic native trim disabled

---------------  S Y S T E M  ---------------

OS:
 Windows 11 , 64 bit Build 22621 (10.0.22621.3235)
OS uptime: 1 days 1:49 hours
Hyper-V role detected

CPU: total 8 (initial active 8) (8 cores per cpu, 2 threads per core) family 23 model 160 stepping 0 microcode 0x0, cx8, cmov, fxsr, ht, mmx, 3dnowpref, sse, sse2, sse3, ssse3, sse4a, sse4.1, sse4.2, popcnt, lzcnt, tsc, tscinvbit, avx, avx2, aes, clmul, bmi1, bmi2, adx, sha, fma, vzeroupper, clflush, clflushopt, hv, rdtscp, rdpid, f16c
Processor Information for all 8 processors :
  Max Mhz: 2801, Current Mhz: 2801, Mhz Limit: 2801

Memory: 4k page, system-wide physical 5965M (353M free)
TotalPageFile size 24397M (AvailPageFile size 5M)
current process WorkingSet (physical memory assigned to process): 123M, peak: 123M
current process commit charge ("private bytes"): 218M, peak: 219M

vm_info: Java HotSpot(TM) 64-Bit Server VM (21.0.2+13-LTS-58) for windows-amd64 JRE (21.0.2+13-LTS-58), built on 2024-01-05T18:32:24Z by "mach5one" with MS VC++ 17.1 (VS2022)

END.
