#
# There is insufficient memory for the Java Runtime Environment to continue.
# Native memory allocation (malloc) failed to allocate 72096 bytes for Chunk::new
# Possible reasons:
#   The system is out of physical RAM or swap space
#   The process is running with CompressedOops enabled, and the Java Heap may be blocking the growth of the native heap
# Possible solutions:
#   Reduce memory load on the system
#   Increase physical memory or swap space
#   Check if swap backing store is full
#   Decrease Java heap size (-Xmx/-Xms)
#   Decrease number of Java threads
#   Decrease Java thread stack sizes (-Xss)
#   Set larger code cache with -XX:ReservedCodeCacheSize=
#   JVM is running with Unscaled Compressed Oops mode in which the Java heap is
#     placed in the first 4GB address space. The Java Heap base address is the
#     maximum limit for the native heap growth. Please use -XX:HeapBaseMinAddress
#     to set the Java Heap base and to place the Java Heap above 4GB virtual address.
# This output file may be truncated or incomplete.
#
#  Out of Memory Error (arena.cpp:168), pid=12936, tid=2908
#
# JRE version: Java(TM) SE Runtime Environment (21.0.2+13) (build 21.0.2+13-LTS-58)
# Java VM: Java HotSpot(TM) 64-Bit Server VM (21.0.2+13-LTS-58, mixed mode, sharing, tiered, compressed oops, compressed class ptrs, g1 gc, windows-amd64)
# No core dump will be written. Minidumps are not enabled by default on client versions of Windows
#

---------------  S U M M A R Y ------------

Command Line: -Dorg.jetbrains.run.directory=C:\Users\astar\Downloads\My_demo_app_cucumber-main\My_demo_app_cucumber-main\src\main\resources\features -javaagent:C:\Users\astar\AppData\Local\JetBrains\IntelliJ IDEA Community Edition 2023.3.3\lib\idea_rt.jar=54313:C:\Users\astar\AppData\Local\JetBrains\IntelliJ IDEA Community Edition 2023.3.3\bin -Dfile.encoding=UTF-8 -Dsun.stdout.encoding=UTF-8 -Dsun.stderr.encoding=UTF-8 io.cucumber.core.cli.Main --plugin org.jetbrains.plugins.cucumber.java.run.CucumberJvm5SMFormatter --name ^User  successfully logs in and is redirected to Products page$ --glue steps C:/Users/astar/Downloads/My_demo_app_cucumber-main/My_demo_app_cucumber-main/src/main/resources/features/pageLogin.feature

Host: AMD Ryzen 5 7520U with Radeon Graphics         , 8 cores, 5G,  Windows 11 , 64 bit Build 22621 (10.0.22621.3235)
Time: Wed Apr 10 17:26:43 2024 FLE vasaros / 64 bit Build 22621 (10.0.22621.3235) elapsed time: 6.529314 seconds (0d 0h 0m 6s)

---------------  T H R E A D  ---------------

Current thread (0x000002162923efb0):  JavaThread "C2 CompilerThread0" daemon [_thread_in_native, id=2908, stack(0x0000009793200000,0x0000009793300000) (1024K)]


Current CompileTask:
C2:   6529 1524       4       java.util.concurrent.locks.ReentrantLock::lock (8 bytes)

Stack: [0x0000009793200000,0x0000009793300000]
Native frames: (J=compiled Java code, j=interpreted, Vv=VM code, C=native code)
V  [jvm.dll+0x6cade9]
V  [jvm.dll+0x8569c1]
V  [jvm.dll+0x858d2e]
V  [jvm.dll+0x859413]
V  [jvm.dll+0x280e56]
V  [jvm.dll+0xc3f3d]
V  [jvm.dll+0xc4473]
V  [jvm.dll+0x2f437f]
V  [jvm.dll+0x5f5056]
V  [jvm.dll+0x252d7f]
V  [jvm.dll+0x24b589]
V  [jvm.dll+0x2490a3]
V  [jvm.dll+0x1c9634]
V  [jvm.dll+0x258859]
V  [jvm.dll+0x256e3a]
V  [jvm.dll+0x3ef6c6]
V  [jvm.dll+0x7ff568]
V  [jvm.dll+0x6c953d]
C  [ucrtbase.dll+0x29363]
C  [KERNEL32.DLL+0x1257d]
C  [ntdll.dll+0x5aa58]


---------------  P R O C E S S  ---------------

Threads class SMR info:
_java_thread_list=0x000002166f258e40, length=16, elements={
0x000002160b14cbd0, 0x0000021629232560, 0x0000021629233480, 0x0000021629236400,
0x0000021629237060, 0x0000021629239ad0, 0x000002162923c540, 0x000002162923efb0,
0x00000216292507b0, 0x000002162945d3a0, 0x0000021629842dd0, 0x00000216299a1700,
0x000002166f035820, 0x000002166f037260, 0x000002166f034470, 0x000002166f035190
}

Java Threads: ( => current thread )
  0x000002160b14cbd0 JavaThread "main"                              [_thread_blocked, id=7176, stack(0x0000009792400000,0x0000009792500000) (1024K)]
  0x0000021629232560 JavaThread "Reference Handler"          daemon [_thread_blocked, id=20492, stack(0x0000009792c00000,0x0000009792d00000) (1024K)]
  0x0000021629233480 JavaThread "Finalizer"                  daemon [_thread_blocked, id=22648, stack(0x0000009792d00000,0x0000009792e00000) (1024K)]
  0x0000021629236400 JavaThread "Signal Dispatcher"          daemon [_thread_blocked, id=22976, stack(0x0000009792e00000,0x0000009792f00000) (1024K)]
  0x0000021629237060 JavaThread "Attach Listener"            daemon [_thread_blocked, id=17932, stack(0x0000009792f00000,0x0000009793000000) (1024K)]
  0x0000021629239ad0 JavaThread "Service Thread"             daemon [_thread_blocked, id=23876, stack(0x0000009793000000,0x0000009793100000) (1024K)]
  0x000002162923c540 JavaThread "Monitor Deflation Thread"   daemon [_thread_blocked, id=17084, stack(0x0000009793100000,0x0000009793200000) (1024K)]
=>0x000002162923efb0 JavaThread "C2 CompilerThread0"         daemon [_thread_in_native, id=2908, stack(0x0000009793200000,0x0000009793300000) (1024K)]
  0x00000216292507b0 JavaThread "C1 CompilerThread0"         daemon [_thread_blocked, id=4296, stack(0x0000009793300000,0x0000009793400000) (1024K)]
  0x000002162945d3a0 JavaThread "Common-Cleaner"             daemon [_thread_blocked, id=22328, stack(0x0000009793400000,0x0000009793500000) (1024K)]
  0x0000021629842dd0 JavaThread "Monitor Ctrl-Break"         daemon [_thread_in_native, id=20560, stack(0x0000009793500000,0x0000009793600000) (1024K)]
  0x00000216299a1700 JavaThread "Notification Thread"        daemon [_thread_blocked, id=14540, stack(0x0000009793600000,0x0000009793700000) (1024K)]
  0x000002166f035820 JavaThread "Exec Default Executor"      daemon [_thread_in_native, id=20392, stack(0x0000009793e00000,0x0000009793f00000) (1024K)]
  0x000002166f037260 JavaThread "UrlChecker-2"               daemon [_thread_blocked, id=17044, stack(0x0000009793f00000,0x0000009794000000) (1024K)]
  0x000002166f034470 JavaThread "Exec Stream Pumper"         daemon [_thread_in_native, id=8484, stack(0x0000009794000000,0x0000009794100000) (1024K)]
  0x000002166f035190 JavaThread "Exec Stream Pumper"         daemon [_thread_in_native, id=6596, stack(0x0000009794100000,0x0000009794200000) (1024K)]
Total: 16

Other Threads:
  0x0000021629214780 VMThread "VM Thread"                           [id=9508, stack(0x0000009792b00000,0x0000009792c00000) (1024K)]
  0x00000216291fa8f0 WatcherThread "VM Periodic Task Thread"        [id=22624, stack(0x0000009792a00000,0x0000009792b00000) (1024K)]
  0x000002160b43dd30 WorkerThread "GC Thread#0"                     [id=24184, stack(0x0000009792500000,0x0000009792600000) (1024K)]
  0x000002166f0dea90 WorkerThread "GC Thread#1"                     [id=21684, stack(0x0000009793700000,0x0000009793800000) (1024K)]
  0x000002166f15a2f0 WorkerThread "GC Thread#2"                     [id=9376, stack(0x0000009793800000,0x0000009793900000) (1024K)]
  0x000002166f16fe00 WorkerThread "GC Thread#3"                     [id=17808, stack(0x0000009793900000,0x0000009793a00000) (1024K)]
  0x000002166f1701a0 WorkerThread "GC Thread#4"                     [id=22728, stack(0x0000009793a00000,0x0000009793b00000) (1024K)]
  0x000002166f170540 WorkerThread "GC Thread#5"                     [id=10888, stack(0x0000009793b00000,0x0000009793c00000) (1024K)]
  0x000002166f1708e0 WorkerThread "GC Thread#6"                     [id=20540, stack(0x0000009793c00000,0x0000009793d00000) (1024K)]
  0x000002166f171100 WorkerThread "GC Thread#7"                     [id=22272, stack(0x0000009793d00000,0x0000009793e00000) (1024K)]
  0x000002160b44b950 ConcurrentGCThread "G1 Main Marker"            [id=13876, stack(0x0000009792600000,0x0000009792700000) (1024K)]
  0x000002160b44cbf0 WorkerThread "G1 Conc#0"                       [id=16192, stack(0x0000009792700000,0x0000009792800000) (1024K)]
  0x00000216290d14b0 ConcurrentGCThread "G1 Refine#0"               [id=14760, stack(0x0000009792800000,0x0000009792900000) (1024K)]
  0x00000216290d2020 ConcurrentGCThread "G1 Service"                [id=10468, stack(0x0000009792900000,0x0000009792a00000) (1024K)]
Total: 14

Threads with active compile tasks:
C2 CompilerThread0     6552 1524       4       java.util.concurrent.locks.ReentrantLock::lock (8 bytes)
Total: 1

VM state: not at safepoint (normal execution)

VM Mutex/Monitor currently owned by a thread: None

Heap address: 0x00000000a2c00000, size: 1492 MB, Compressed Oops mode: 32-bit

CDS archive(s) mapped at: [0x000002162a000000-0x000002162ac90000-0x000002162ac90000), size 13172736, SharedBaseAddress: 0x000002162a000000, ArchiveRelocationMode: 1.
Compressed class space mapped at: 0x000002162b000000-0x000002166b000000, reserved size: 1073741824
Narrow klass base: 0x000002162a000000, Narrow klass shift: 0, Narrow klass range: 0x100000000

GC Precious Log:
 CardTable entry size: 512
 Card Set container configuration: InlinePtr #cards 5 size 8 Array Of Cards #cards 12 size 40 Howl #buckets 4 coarsen threshold 1843 Howl Bitmap #cards 512 size 80 coarsen threshold 460 Card regions per heap region 1 cards per card region 2048
 CPUs: 8 total, 8 available
 Memory: 5965M
 Large Page Support: Disabled
 NUMA Support: Disabled
 Compressed Oops: Enabled (32-bit)
 Heap Region Size: 1M
 Heap Min Capacity: 8M
 Heap Initial Capacity: 94M
 Heap Max Capacity: 1492M
 Pre-touch: Disabled
 Parallel Workers: 8
 Concurrent Workers: 2
 Concurrent Refinement Workers: 8
 Periodic GC: Disabled

Heap:
 garbage-first heap   total 96256K, used 11712K [0x00000000a2c00000, 0x0000000100000000)
  region size 1024K, 10 young (10240K), 3 survivors (3072K)
 Metaspace       used 8548K, committed 8768K, reserved 1114112K
  class space    used 1054K, committed 1152K, reserved 1048576K

Heap Regions: E=young(eden), S=young(survivor), O=old, HS=humongous(starts), HC=humongous(continues), CS=collection set, F=free, TAMS=top-at-mark-start, PB=parsable bottom
|   0|0x00000000a2c00000, 0x00000000a2d00000, 0x00000000a2d00000|100%| O|  |TAMS 0x00000000a2c00000| PB 0x00000000a2c00000| Untracked 
|   1|0x00000000a2d00000, 0x00000000a2e00000, 0x00000000a2e00000|100%| O|  |TAMS 0x00000000a2d00000| PB 0x00000000a2d00000| Untracked 
|   2|0x00000000a2e00000, 0x00000000a2e70000, 0x00000000a2f00000| 43%| O|  |TAMS 0x00000000a2e00000| PB 0x00000000a2e00000| Untracked 
|   3|0x00000000a2f00000, 0x00000000a2f00000, 0x00000000a3000000|  0%| F|  |TAMS 0x00000000a2f00000| PB 0x00000000a2f00000| Untracked 
|   4|0x00000000a3000000, 0x00000000a3000000, 0x00000000a3100000|  0%| F|  |TAMS 0x00000000a3000000| PB 0x00000000a3000000| Untracked 
|   5|0x00000000a3100000, 0x00000000a3100000, 0x00000000a3200000|  0%| F|  |TAMS 0x00000000a3100000| PB 0x00000000a3100000| Untracked 
|   6|0x00000000a3200000, 0x00000000a3200000, 0x00000000a3300000|  0%| F|  |TAMS 0x00000000a3200000| PB 0x00000000a3200000| Untracked 
|   7|0x00000000a3300000, 0x00000000a3300000, 0x00000000a3400000|  0%| F|  |TAMS 0x00000000a3300000| PB 0x00000000a3300000| Untracked 
|   8|0x00000000a3400000, 0x00000000a3400000, 0x00000000a3500000|  0%| F|  |TAMS 0x00000000a3400000| PB 0x00000000a3400000| Untracked 
|   9|0x00000000a3500000, 0x00000000a3500000, 0x00000000a3600000|  0%| F|  |TAMS 0x00000000a3500000| PB 0x00000000a3500000| Untracked 
|  10|0x00000000a3600000, 0x00000000a3600000, 0x00000000a3700000|  0%| F|  |TAMS 0x00000000a3600000| PB 0x00000000a3600000| Untracked 
|  11|0x00000000a3700000, 0x00000000a3700000, 0x00000000a3800000|  0%| F|  |TAMS 0x00000000a3700000| PB 0x00000000a3700000| Untracked 
|  12|0x00000000a3800000, 0x00000000a3800000, 0x00000000a3900000|  0%| F|  |TAMS 0x00000000a3800000| PB 0x00000000a3800000| Untracked 
|  13|0x00000000a3900000, 0x00000000a3900000, 0x00000000a3a00000|  0%| F|  |TAMS 0x00000000a3900000| PB 0x00000000a3900000| Untracked 
|  14|0x00000000a3a00000, 0x00000000a3a00000, 0x00000000a3b00000|  0%| F|  |TAMS 0x00000000a3a00000| PB 0x00000000a3a00000| Untracked 
|  15|0x00000000a3b00000, 0x00000000a3b00000, 0x00000000a3c00000|  0%| F|  |TAMS 0x00000000a3b00000| PB 0x00000000a3b00000| Untracked 
|  16|0x00000000a3c00000, 0x00000000a3c00000, 0x00000000a3d00000|  0%| F|  |TAMS 0x00000000a3c00000| PB 0x00000000a3c00000| Untracked 
|  17|0x00000000a3d00000, 0x00000000a3d00000, 0x00000000a3e00000|  0%| F|  |TAMS 0x00000000a3d00000| PB 0x00000000a3d00000| Untracked 
|  18|0x00000000a3e00000, 0x00000000a3e00000, 0x00000000a3f00000|  0%| F|  |TAMS 0x00000000a3e00000| PB 0x00000000a3e00000| Untracked 
|  19|0x00000000a3f00000, 0x00000000a3f00000, 0x00000000a4000000|  0%| F|  |TAMS 0x00000000a3f00000| PB 0x00000000a3f00000| Untracked 
|  20|0x00000000a4000000, 0x00000000a4000000, 0x00000000a4100000|  0%| F|  |TAMS 0x00000000a4000000| PB 0x00000000a4000000| Untracked 
|  21|0x00000000a4100000, 0x00000000a4100000, 0x00000000a4200000|  0%| F|  |TAMS 0x00000000a4100000| PB 0x00000000a4100000| Untracked 
|  22|0x00000000a4200000, 0x00000000a4200000, 0x00000000a4300000|  0%| F|  |TAMS 0x00000000a4200000| PB 0x00000000a4200000| Untracked 
|  23|0x00000000a4300000, 0x00000000a4300000, 0x00000000a4400000|  0%| F|  |TAMS 0x00000000a4300000| PB 0x00000000a4300000| Untracked 
|  24|0x00000000a4400000, 0x00000000a4400000, 0x00000000a4500000|  0%| F|  |TAMS 0x00000000a4400000| PB 0x00000000a4400000| Untracked 
|  25|0x00000000a4500000, 0x00000000a4500000, 0x00000000a4600000|  0%| F|  |TAMS 0x00000000a4500000| PB 0x00000000a4500000| Untracked 
|  26|0x00000000a4600000, 0x00000000a4600000, 0x00000000a4700000|  0%| F|  |TAMS 0x00000000a4600000| PB 0x00000000a4600000| Untracked 
|  27|0x00000000a4700000, 0x00000000a4700000, 0x00000000a4800000|  0%| F|  |TAMS 0x00000000a4700000| PB 0x00000000a4700000| Untracked 
|  28|0x00000000a4800000, 0x00000000a4800000, 0x00000000a4900000|  0%| F|  |TAMS 0x00000000a4800000| PB 0x00000000a4800000| Untracked 
|  29|0x00000000a4900000, 0x00000000a4900000, 0x00000000a4a00000|  0%| F|  |TAMS 0x00000000a4900000| PB 0x00000000a4900000| Untracked 
|  30|0x00000000a4a00000, 0x00000000a4a00000, 0x00000000a4b00000|  0%| F|  |TAMS 0x00000000a4a00000| PB 0x00000000a4a00000| Untracked 
|  31|0x00000000a4b00000, 0x00000000a4b00000, 0x00000000a4c00000|  0%| F|  |TAMS 0x00000000a4b00000| PB 0x00000000a4b00000| Untracked 
|  32|0x00000000a4c00000, 0x00000000a4c00000, 0x00000000a4d00000|  0%| F|  |TAMS 0x00000000a4c00000| PB 0x00000000a4c00000| Untracked 
|  33|0x00000000a4d00000, 0x00000000a4d00000, 0x00000000a4e00000|  0%| F|  |TAMS 0x00000000a4d00000| PB 0x00000000a4d00000| Untracked 
|  34|0x00000000a4e00000, 0x00000000a4e00000, 0x00000000a4f00000|  0%| F|  |TAMS 0x00000000a4e00000| PB 0x00000000a4e00000| Untracked 
|  35|0x00000000a4f00000, 0x00000000a4f00000, 0x00000000a5000000|  0%| F|  |TAMS 0x00000000a4f00000| PB 0x00000000a4f00000| Untracked 
|  36|0x00000000a5000000, 0x00000000a5000000, 0x00000000a5100000|  0%| F|  |TAMS 0x00000000a5000000| PB 0x00000000a5000000| Untracked 
|  37|0x00000000a5100000, 0x00000000a5100000, 0x00000000a5200000|  0%| F|  |TAMS 0x00000000a5100000| PB 0x00000000a5100000| Untracked 
|  38|0x00000000a5200000, 0x00000000a5200000, 0x00000000a5300000|  0%| F|  |TAMS 0x00000000a5200000| PB 0x00000000a5200000| Untracked 
|  39|0x00000000a5300000, 0x00000000a5300000, 0x00000000a5400000|  0%| F|  |TAMS 0x00000000a5300000| PB 0x00000000a5300000| Untracked 
|  40|0x00000000a5400000, 0x00000000a5400000, 0x00000000a5500000|  0%| F|  |TAMS 0x00000000a5400000| PB 0x00000000a5400000| Untracked 
|  41|0x00000000a5500000, 0x00000000a5500000, 0x00000000a5600000|  0%| F|  |TAMS 0x00000000a5500000| PB 0x00000000a5500000| Untracked 
|  42|0x00000000a5600000, 0x00000000a5600000, 0x00000000a5700000|  0%| F|  |TAMS 0x00000000a5600000| PB 0x00000000a5600000| Untracked 
|  43|0x00000000a5700000, 0x00000000a5700000, 0x00000000a5800000|  0%| F|  |TAMS 0x00000000a5700000| PB 0x00000000a5700000| Untracked 
|  44|0x00000000a5800000, 0x00000000a5800000, 0x00000000a5900000|  0%| F|  |TAMS 0x00000000a5800000| PB 0x00000000a5800000| Untracked 
|  45|0x00000000a5900000, 0x00000000a5900000, 0x00000000a5a00000|  0%| F|  |TAMS 0x00000000a5900000| PB 0x00000000a5900000| Untracked 
|  46|0x00000000a5a00000, 0x00000000a5a00000, 0x00000000a5b00000|  0%| F|  |TAMS 0x00000000a5a00000| PB 0x00000000a5a00000| Untracked 
|  47|0x00000000a5b00000, 0x00000000a5b00000, 0x00000000a5c00000|  0%| F|  |TAMS 0x00000000a5b00000| PB 0x00000000a5b00000| Untracked 
|  48|0x00000000a5c00000, 0x00000000a5c00000, 0x00000000a5d00000|  0%| F|  |TAMS 0x00000000a5c00000| PB 0x00000000a5c00000| Untracked 
|  49|0x00000000a5d00000, 0x00000000a5d00000, 0x00000000a5e00000|  0%| F|  |TAMS 0x00000000a5d00000| PB 0x00000000a5d00000| Untracked 
|  50|0x00000000a5e00000, 0x00000000a5e00000, 0x00000000a5f00000|  0%| F|  |TAMS 0x00000000a5e00000| PB 0x00000000a5e00000| Untracked 
|  51|0x00000000a5f00000, 0x00000000a5f00000, 0x00000000a6000000|  0%| F|  |TAMS 0x00000000a5f00000| PB 0x00000000a5f00000| Untracked 
|  52|0x00000000a6000000, 0x00000000a6000000, 0x00000000a6100000|  0%| F|  |TAMS 0x00000000a6000000| PB 0x00000000a6000000| Untracked 
|  53|0x00000000a6100000, 0x00000000a6100000, 0x00000000a6200000|  0%| F|  |TAMS 0x00000000a6100000| PB 0x00000000a6100000| Untracked 
|  54|0x00000000a6200000, 0x00000000a6200000, 0x00000000a6300000|  0%| F|  |TAMS 0x00000000a6200000| PB 0x00000000a6200000| Untracked 
|  55|0x00000000a6300000, 0x00000000a6300000, 0x00000000a6400000|  0%| F|  |TAMS 0x00000000a6300000| PB 0x00000000a6300000| Untracked 
|  56|0x00000000a6400000, 0x00000000a6400000, 0x00000000a6500000|  0%| F|  |TAMS 0x00000000a6400000| PB 0x00000000a6400000| Untracked 
|  57|0x00000000a6500000, 0x00000000a6500000, 0x00000000a6600000|  0%| F|  |TAMS 0x00000000a6500000| PB 0x00000000a6500000| Untracked 
|  58|0x00000000a6600000, 0x00000000a6600000, 0x00000000a6700000|  0%| F|  |TAMS 0x00000000a6600000| PB 0x00000000a6600000| Untracked 
|  59|0x00000000a6700000, 0x00000000a6700000, 0x00000000a6800000|  0%| F|  |TAMS 0x00000000a6700000| PB 0x00000000a6700000| Untracked 
|  60|0x00000000a6800000, 0x00000000a6800000, 0x00000000a6900000|  0%| F|  |TAMS 0x00000000a6800000| PB 0x00000000a6800000| Untracked 
|  61|0x00000000a6900000, 0x00000000a6900000, 0x00000000a6a00000|  0%| F|  |TAMS 0x00000000a6900000| PB 0x00000000a6900000| Untracked 
|  62|0x00000000a6a00000, 0x00000000a6a00000, 0x00000000a6b00000|  0%| F|  |TAMS 0x00000000a6a00000| PB 0x00000000a6a00000| Untracked 
|  63|0x00000000a6b00000, 0x00000000a6b00000, 0x00000000a6c00000|  0%| F|  |TAMS 0x00000000a6b00000| PB 0x00000000a6b00000| Untracked 
|  64|0x00000000a6c00000, 0x00000000a6c00000, 0x00000000a6d00000|  0%| F|  |TAMS 0x00000000a6c00000| PB 0x00000000a6c00000| Untracked 
|  65|0x00000000a6d00000, 0x00000000a6d00000, 0x00000000a6e00000|  0%| F|  |TAMS 0x00000000a6d00000| PB 0x00000000a6d00000| Untracked 
|  66|0x00000000a6e00000, 0x00000000a6e00000, 0x00000000a6f00000|  0%| F|  |TAMS 0x00000000a6e00000| PB 0x00000000a6e00000| Untracked 
|  67|0x00000000a6f00000, 0x00000000a6f00000, 0x00000000a7000000|  0%| F|  |TAMS 0x00000000a6f00000| PB 0x00000000a6f00000| Untracked 
|  68|0x00000000a7000000, 0x00000000a7100000, 0x00000000a7100000|100%| S|CS|TAMS 0x00000000a7000000| PB 0x00000000a7000000| Complete 
|  69|0x00000000a7100000, 0x00000000a7200000, 0x00000000a7200000|100%| S|CS|TAMS 0x00000000a7100000| PB 0x00000000a7100000| Complete 
|  70|0x00000000a7200000, 0x00000000a7300000, 0x00000000a7300000|100%| S|CS|TAMS 0x00000000a7200000| PB 0x00000000a7200000| Complete 
|  71|0x00000000a7300000, 0x00000000a7300000, 0x00000000a7400000|  0%| F|  |TAMS 0x00000000a7300000| PB 0x00000000a7300000| Untracked 
|  72|0x00000000a7400000, 0x00000000a7400000, 0x00000000a7500000|  0%| F|  |TAMS 0x00000000a7400000| PB 0x00000000a7400000| Untracked 
|  73|0x00000000a7500000, 0x00000000a7500000, 0x00000000a7600000|  0%| F|  |TAMS 0x00000000a7500000| PB 0x00000000a7500000| Untracked 
|  74|0x00000000a7600000, 0x00000000a7600000, 0x00000000a7700000|  0%| F|  |TAMS 0x00000000a7600000| PB 0x00000000a7600000| Untracked 
|  75|0x00000000a7700000, 0x00000000a7700000, 0x00000000a7800000|  0%| F|  |TAMS 0x00000000a7700000| PB 0x00000000a7700000| Untracked 
|  76|0x00000000a7800000, 0x00000000a7800000, 0x00000000a7900000|  0%| F|  |TAMS 0x00000000a7800000| PB 0x00000000a7800000| Untracked 
|  77|0x00000000a7900000, 0x00000000a7900000, 0x00000000a7a00000|  0%| F|  |TAMS 0x00000000a7900000| PB 0x00000000a7900000| Untracked 
|  78|0x00000000a7a00000, 0x00000000a7a00000, 0x00000000a7b00000|  0%| F|  |TAMS 0x00000000a7a00000| PB 0x00000000a7a00000| Untracked 
|  79|0x00000000a7b00000, 0x00000000a7b00000, 0x00000000a7c00000|  0%| F|  |TAMS 0x00000000a7b00000| PB 0x00000000a7b00000| Untracked 
|  80|0x00000000a7c00000, 0x00000000a7c00000, 0x00000000a7d00000|  0%| F|  |TAMS 0x00000000a7c00000| PB 0x00000000a7c00000| Untracked 
|  81|0x00000000a7d00000, 0x00000000a7d00000, 0x00000000a7e00000|  0%| F|  |TAMS 0x00000000a7d00000| PB 0x00000000a7d00000| Untracked 
|  82|0x00000000a7e00000, 0x00000000a7e00000, 0x00000000a7f00000|  0%| F|  |TAMS 0x00000000a7e00000| PB 0x00000000a7e00000| Untracked 
|  83|0x00000000a7f00000, 0x00000000a7f00000, 0x00000000a8000000|  0%| F|  |TAMS 0x00000000a7f00000| PB 0x00000000a7f00000| Untracked 
|  84|0x00000000a8000000, 0x00000000a8000000, 0x00000000a8100000|  0%| F|  |TAMS 0x00000000a8000000| PB 0x00000000a8000000| Untracked 
|  85|0x00000000a8100000, 0x00000000a8100000, 0x00000000a8200000|  0%| F|  |TAMS 0x00000000a8100000| PB 0x00000000a8100000| Untracked 
|  86|0x00000000a8200000, 0x00000000a8200000, 0x00000000a8300000|  0%| F|  |TAMS 0x00000000a8200000| PB 0x00000000a8200000| Untracked 
|  87|0x00000000a8300000, 0x00000000a836c888, 0x00000000a8400000| 42%| E|  |TAMS 0x00000000a8300000| PB 0x00000000a8300000| Complete 
|  88|0x00000000a8400000, 0x00000000a8500000, 0x00000000a8500000|100%| E|CS|TAMS 0x00000000a8400000| PB 0x00000000a8400000| Complete 
|  89|0x00000000a8500000, 0x00000000a8600000, 0x00000000a8600000|100%| E|CS|TAMS 0x00000000a8500000| PB 0x00000000a8500000| Complete 
|  90|0x00000000a8600000, 0x00000000a8700000, 0x00000000a8700000|100%| E|CS|TAMS 0x00000000a8600000| PB 0x00000000a8600000| Complete 
|  91|0x00000000a8700000, 0x00000000a8800000, 0x00000000a8800000|100%| E|CS|TAMS 0x00000000a8700000| PB 0x00000000a8700000| Complete 
|  92|0x00000000a8800000, 0x00000000a8900000, 0x00000000a8900000|100%| E|CS|TAMS 0x00000000a8800000| PB 0x00000000a8800000| Complete 
|  93|0x00000000a8900000, 0x00000000a8a00000, 0x00000000a8a00000|100%| E|CS|TAMS 0x00000000a8900000| PB 0x00000000a8900000| Complete 

Card table byte_map: [0x0000021624d80000,0x0000021625070000] _byte_map_base: 0x000002162486a000

Marking Bits: (CMBitMap*) 0x000002160b43e430
 Bits: [0x0000021625070000, 0x00000216267c0000)

Polling page: 0x000002160b4b0000

Metaspace:

Usage:
  Non-class:      7.32 MB used.
      Class:      1.03 MB used.
       Both:      8.35 MB used.

Virtual space:
  Non-class space:       64.00 MB reserved,       7.44 MB ( 12%) committed,  1 nodes.
      Class space:        1.00 GB reserved,       1.12 MB ( <1%) committed,  1 nodes.
             Both:        1.06 GB reserved,       8.56 MB ( <1%) committed. 

Chunk freelists:
   Non-Class:  8.58 MB
       Class:  14.83 MB
        Both:  23.41 MB

MaxMetaspaceSize: unlimited
CompressedClassSpaceSize: 1.00 GB
Initial GC threshold: 21.00 MB
Current GC threshold: 21.00 MB
CDS: on
 - commit_granule_bytes: 65536.
 - commit_granule_words: 8192.
 - virtual_space_node_default_size: 8388608.
 - enlarge_chunks_in_place: 1.
 - use_allocation_guard: 0.


Internal statistics:

num_allocs_failed_limit: 0.
num_arena_births: 152.
num_arena_deaths: 0.
num_vsnodes_births: 2.
num_vsnodes_deaths: 0.
num_space_committed: 137.
num_space_uncommitted: 0.
num_chunks_returned_to_freelist: 0.
num_chunks_taken_from_freelist: 362.
num_chunk_merges: 0.
num_chunk_splits: 234.
num_chunks_enlarged: 170.
num_inconsistent_stats: 0.

CodeHeap 'non-profiled nmethods': size=120000Kb used=565Kb max_used=565Kb free=119434Kb
 bounds [0x000002161cb00000, 0x000002161cd70000, 0x0000021624030000]
CodeHeap 'profiled nmethods': size=120000Kb used=2750Kb max_used=2750Kb free=117249Kb
 bounds [0x0000021615030000, 0x00000216152e0000, 0x000002161c560000]
CodeHeap 'non-nmethods': size=5760Kb used=1400Kb max_used=1428Kb free=4359Kb
 bounds [0x000002161c560000, 0x000002161c7d0000, 0x000002161cb00000]
 total_blobs=2024 nmethods=1524 adapters=405
 compilation: enabled
              stopped_count=0, restarted_count=0
 full_count=0

Compilation events (20 events):
Event: 3.234 Thread 0x000002162923efb0 nmethod 1507 0x000002161cb86490 code [0x000002161cb86980, 0x000002161cb8a2e0]
Event: 3.234 Thread 0x000002162923efb0 1511       4       java.util.HashMap::hash (20 bytes)
Event: 3.235 Thread 0x000002162923efb0 nmethod 1511 0x000002161cb8c490 code [0x000002161cb8c620, 0x000002161cb8c710]
Event: 4.193 Thread 0x000002162923efb0 1517       4       java.lang.CharacterData::of (136 bytes)
Event: 4.193 Thread 0x000002162923efb0 nmethod 1517 0x000002161cb8c790 code [0x000002161cb8c920, 0x000002161cb8c9c8]
Event: 5.264 Thread 0x000002162923efb0 1518       4       java.util.concurrent.locks.ReentrantLock$NonfairSync::initialTryLock (58 bytes)
Event: 5.266 Thread 0x000002162923efb0 nmethod 1518 0x000002161cb8ca90 code [0x000002161cb8cc40, 0x000002161cb8ce98]
Event: 5.532 Thread 0x000002162923efb0 1519       4       java.util.concurrent.locks.ReentrantLock$Sync::tryRelease (51 bytes)
Event: 5.533 Thread 0x000002162923efb0 nmethod 1519 0x000002161cb8cf90 code [0x000002161cb8d120, 0x000002161cb8d248]
Event: 6.199 Thread 0x00000216292507b0 1520       3       java.util.concurrent.locks.AbstractQueuedSynchronizer::<init> (5 bytes)
Event: 6.199 Thread 0x00000216292507b0 nmethod 1520 0x00000216152de610 code [0x00000216152de7c0, 0x00000216152de988]
Event: 6.199 Thread 0x00000216292507b0 1521       3       java.util.concurrent.locks.AbstractOwnableSynchronizer::<init> (5 bytes)
Event: 6.199 Thread 0x00000216292507b0 nmethod 1521 0x00000216152dea90 code [0x00000216152dec40, 0x00000216152deda8]
Event: 6.525 Thread 0x00000216292507b0 1522       3       java.util.concurrent.locks.ReentrantLock::<init> (16 bytes)
Event: 6.525 Thread 0x000002162923efb0 1524       4       java.util.concurrent.locks.ReentrantLock::lock (8 bytes)
Event: 6.525 Thread 0x00000216292507b0 nmethod 1522 0x00000216152dee90 code [0x00000216152df060, 0x00000216152df458]
Event: 6.526 Thread 0x00000216292507b0 1523       3       java.util.concurrent.locks.ReentrantLock$NonfairSync::<init> (5 bytes)
Event: 6.526 Thread 0x00000216292507b0 nmethod 1523 0x00000216152df610 code [0x00000216152df7c0, 0x00000216152dfa40]
Event: 6.526 Thread 0x00000216292507b0 1525       1       java.net.InetAddress::holder (5 bytes)
Event: 6.526 Thread 0x00000216292507b0 nmethod 1525 0x000002161cb8d310 code [0x000002161cb8d4a0, 0x000002161cb8d568]

GC Heap History (2 events):
Event: 1.362 GC heap before
{Heap before GC invocations=0 (full 0):
 garbage-first heap   total 96256K, used 23552K [0x00000000a2c00000, 0x0000000100000000)
  region size 1024K, 23 young (23552K), 0 survivors (0K)
 Metaspace       used 6287K, committed 6464K, reserved 1114112K
  class space    used 772K, committed 832K, reserved 1048576K
}
Event: 1.372 GC heap after
{Heap after GC invocations=1 (full 0):
 garbage-first heap   total 96256K, used 5568K [0x00000000a2c00000, 0x0000000100000000)
  region size 1024K, 3 young (3072K), 3 survivors (3072K)
 Metaspace       used 6287K, committed 6464K, reserved 1114112K
  class space    used 772K, committed 832K, reserved 1048576K
}

Dll operation events (11 events):
Event: 0.027 Loaded shared library C:\Program Files\Java\jdk-21\bin\java.dll
Event: 0.075 Loaded shared library C:\Program Files\Java\jdk-21\bin\jsvml.dll
Event: 0.222 Loaded shared library C:\Program Files\Java\jdk-21\bin\zip.dll
Event: 0.230 Loaded shared library C:\Program Files\Java\jdk-21\bin\instrument.dll
Event: 0.241 Loaded shared library C:\Program Files\Java\jdk-21\bin\net.dll
Event: 0.245 Loaded shared library C:\Program Files\Java\jdk-21\bin\nio.dll
Event: 0.252 Loaded shared library C:\Program Files\Java\jdk-21\bin\zip.dll
Event: 0.460 Loaded shared library C:\Users\astar\AppData\Local\JetBrains\IntelliJ IDEA Community Edition 2023.3.3\bin\breakgen64.dll
Event: 0.475 Loaded shared library C:\Program Files\Java\jdk-21\bin\extnet.dll
Event: 0.485 Loaded shared library C:\Program Files\Java\jdk-21\bin\jimage.dll
Event: 1.243 Loaded shared library C:\Program Files\Java\jdk-21\bin\verify.dll

Deoptimization events (20 events):
Event: 1.528 Thread 0x000002160b14cbd0 Uncommon trap: trap_request=0xffffffc6 fr.pc=0x000002161cb6a130 relative=0x00000000000003b0
Event: 1.528 Thread 0x000002160b14cbd0 Uncommon trap: reason=bimorphic_or_optimized_type_check action=maybe_recompile pc=0x000002161cb6a130 method=java.util.regex.Pattern$BmpCharPropertyGreedy.match(Ljava/util/regex/Matcher;ILjava/lang/CharSequence;)Z @ 26 c2
Event: 1.528 Thread 0x000002160b14cbd0 DEOPT PACKING pc=0x000002161cb6a130 sp=0x00000097924fcea0
Event: 1.528 Thread 0x000002160b14cbd0 DEOPT UNPACKING pc=0x000002161c5b46a2 sp=0x00000097924fce38 mode 2
Event: 3.154 Thread 0x000002160b14cbd0 Uncommon trap: trap_request=0xffffff45 fr.pc=0x000002161cb717d0 relative=0x0000000000000670
Event: 3.154 Thread 0x000002160b14cbd0 Uncommon trap: reason=unstable_if action=reinterpret pc=0x000002161cb717d0 method=java.lang.String.replace(CC)Ljava/lang/String; @ 2 c2
Event: 3.154 Thread 0x000002160b14cbd0 DEOPT PACKING pc=0x000002161cb717d0 sp=0x00000097924fdc90
Event: 3.154 Thread 0x000002160b14cbd0 DEOPT UNPACKING pc=0x000002161c5b46a2 sp=0x00000097924fdc50 mode 2
Event: 3.162 Thread 0x000002160b14cbd0 Uncommon trap: trap_request=0xffffff6e fr.pc=0x000002161cb2e5fc relative=0x000000000000015c
Event: 3.162 Thread 0x000002160b14cbd0 Uncommon trap: reason=loop_limit_check action=maybe_recompile pc=0x000002161cb2e5fc method=java.lang.StringLatin1.lastIndexOf([BII)I @ 19 c2
Event: 3.162 Thread 0x000002160b14cbd0 DEOPT PACKING pc=0x000002161cb2e5fc sp=0x00000097924fdbe0
Event: 3.162 Thread 0x000002160b14cbd0 DEOPT UNPACKING pc=0x000002161c5b46a2 sp=0x00000097924fdb60 mode 2
Event: 3.168 Thread 0x000002166f037260 Uncommon trap: trap_request=0xffffffc6 fr.pc=0x000002161cb7fec4 relative=0x0000000000000904
Event: 3.168 Thread 0x000002166f037260 Uncommon trap: reason=bimorphic_or_optimized_type_check action=maybe_recompile pc=0x000002161cb7fec4 method=java.util.regex.Pattern$BmpCharPropertyGreedy.match(Ljava/util/regex/Matcher;ILjava/lang/CharSequence;)Z @ 26 c2
Event: 3.168 Thread 0x000002166f037260 DEOPT PACKING pc=0x000002161cb7fec4 sp=0x0000009793ffe3c0
Event: 3.168 Thread 0x000002166f037260 DEOPT UNPACKING pc=0x000002161c5b46a2 sp=0x0000009793ffe288 mode 2
Event: 3.168 Thread 0x000002166f037260 Uncommon trap: trap_request=0xffffffc6 fr.pc=0x000002161cb6a130 relative=0x00000000000003b0
Event: 3.168 Thread 0x000002166f037260 Uncommon trap: reason=bimorphic_or_optimized_type_check action=maybe_recompile pc=0x000002161cb6a130 method=java.util.regex.Pattern$BmpCharPropertyGreedy.match(Ljava/util/regex/Matcher;ILjava/lang/CharSequence;)Z @ 26 c2
Event: 3.168 Thread 0x000002166f037260 DEOPT PACKING pc=0x000002161cb6a130 sp=0x0000009793ffe2d0
Event: 3.168 Thread 0x000002166f037260 DEOPT UNPACKING pc=0x000002161c5b46a2 sp=0x0000009793ffe288 mode 2

Classes loaded (20 events):
Event: 3.172 Loading class sun/net/www/protocol/http/HttpURLConnection$7
Event: 3.172 Loading class sun/net/www/protocol/http/HttpURLConnection$7 done
Event: 3.172 Loading class sun/net/www/http/HttpClient
Event: 3.173 Loading class sun/net/NetworkClient
Event: 3.173 Loading class sun/net/NetworkClient done
Event: 3.173 Loading class sun/net/www/http/HttpClient done
Event: 3.174 Loading class sun/net/NetworkClient$1
Event: 3.174 Loading class sun/net/NetworkClient$1 done
Event: 3.174 Loading class sun/net/www/http/KeepAliveCache
Event: 3.174 Loading class sun/net/www/http/KeepAliveCache done
Event: 3.175 Loading class sun/net/www/http/KeepAliveKey
Event: 3.175 Loading class sun/net/www/http/KeepAliveKey done
Event: 3.175 Loading class sun/net/www/http/HttpCapture
Event: 3.176 Loading class sun/net/www/http/HttpCapture done
Event: 3.176 Loading class sun/net/www/http/HttpCapture$1
Event: 3.176 Loading class sun/net/www/http/HttpCapture$1 done
Event: 3.177 Loading class sun/net/util/SocketExceptions
Event: 3.177 Loading class sun/net/util/SocketExceptions done
Event: 3.178 Loading class jdk/internal/event/ThreadSleepEvent
Event: 3.178 Loading class jdk/internal/event/ThreadSleepEvent done

Classes unloaded (0 events):
No events

Classes redefined (0 events):
No events

Internal exceptions (20 events):
Event: 1.463 Thread 0x000002160b14cbd0 Exception <a 'java/lang/NoSuchMethodError'{0x00000000a87132b0}: 'void java.lang.invoke.DirectMethodHandle$Holder.invokeVirtual(java.lang.Object, java.lang.Object)'> (0x00000000a87132b0) 
thrown [s\open\src\hotspot\share\interpreter\linkResolver.cpp, line 773]
Event: 1.602 Thread 0x000002160b14cbd0 Exception <a 'java/lang/NoSuchMethodError'{0x00000000a85076b0}: 'void java.lang.invoke.DirectMethodHandle$Holder.invokeStatic(java.lang.Object, long)'> (0x00000000a85076b0) 
thrown [s\open\src\hotspot\share\interpreter\linkResolver.cpp, line 773]
Event: 1.603 Thread 0x000002160b14cbd0 Exception <a 'java/lang/NoSuchMethodError'{0x00000000a850c6e8}: 'java.lang.Object java.lang.invoke.DirectMethodHandle$Holder.newInvokeSpecial(java.lang.Object, long)'> (0x00000000a850c6e8) 
thrown [s\open\src\hotspot\share\interpreter\linkResolver.cpp, line 773]
Event: 1.607 Thread 0x000002160b14cbd0 Exception <a 'java/lang/NoSuchMethodError'{0x00000000a8512f28}: 'java.lang.Object java.lang.invoke.DirectMethodHandle$Holder.invokeStatic(java.lang.Object, long, java.lang.Object)'> (0x00000000a8512f28) 
thrown [s\open\src\hotspot\share\interpreter\linkResolver.cpp, line 773]
Event: 1.607 Thread 0x000002160b14cbd0 Exception <a 'java/lang/NoSuchMethodError'{0x00000000a8516960}: 'java.lang.Object java.lang.invoke.DirectMethodHandle$Holder.invokeStaticInit(java.lang.Object, long, java.lang.Object)'> (0x00000000a8516960) 
thrown [s\open\src\hotspot\share\interpreter\linkResolver.cpp, line 773]
Event: 3.177 Thread 0x000002166f037260 Exception <a 'java/net/ConnectException'{0x00000000a830a478}: Connection refused: getsockopt> (0x00000000a830a478) 
thrown [s\open\src\hotspot\share\prims\jni.cpp, line 539]
Event: 3.194 Thread 0x000002166f037260 Exception <a 'java/net/ConnectException'{0x00000000a830b608}: Connection refused: getsockopt> (0x00000000a830b608) 
thrown [s\open\src\hotspot\share\prims\jni.cpp, line 539]
Event: 3.224 Thread 0x000002166f037260 Exception <a 'java/net/ConnectException'{0x00000000a830c5c0}: Connection refused: getsockopt> (0x00000000a830c5c0) 
thrown [s\open\src\hotspot\share\prims\jni.cpp, line 539]
Event: 3.270 Thread 0x000002166f037260 Exception <a 'java/net/ConnectException'{0x00000000a830d578}: Connection refused: getsockopt> (0x00000000a830d578) 
thrown [s\open\src\hotspot\share\prims\jni.cpp, line 539]
Event: 3.362 Thread 0x000002166f037260 Exception <a 'java/net/ConnectException'{0x00000000a830e530}: Connection refused: getsockopt> (0x00000000a830e530) 
thrown [s\open\src\hotspot\share\prims\jni.cpp, line 539]
Event: 3.533 Thread 0x000002166f037260 Exception <a 'java/net/ConnectException'{0x00000000a830f4e8}: Connection refused: getsockopt> (0x00000000a830f4e8) 
thrown [s\open\src\hotspot\share\prims\jni.cpp, line 539]
Event: 3.864 Thread 0x000002166f037260 Exception <a 'java/net/ConnectException'{0x00000000a83104a0}: Connection refused: getsockopt> (0x00000000a83104a0) 
thrown [s\open\src\hotspot\share\prims\jni.cpp, line 539]
Event: 4.193 Thread 0x000002166f037260 Exception <a 'java/net/ConnectException'{0x00000000a8311458}: Connection refused: getsockopt> (0x00000000a8311458) 
thrown [s\open\src\hotspot\share\prims\jni.cpp, line 539]
Event: 4.534 Thread 0x000002166f037260 Exception <a 'java/net/ConnectException'{0x00000000a8312410}: Connection refused: getsockopt> (0x00000000a8312410) 
thrown [s\open\src\hotspot\share\prims\jni.cpp, line 539]
Event: 4.878 Thread 0x000002166f037260 Exception <a 'java/net/ConnectException'{0x00000000a83133c8}: Connection refused: getsockopt> (0x00000000a83133c8) 
thrown [s\open\src\hotspot\share\prims\jni.cpp, line 539]
Event: 5.209 Thread 0x000002166f037260 Exception <a 'java/net/ConnectException'{0x00000000a8314380}: Connection refused: getsockopt> (0x00000000a8314380) 
thrown [s\open\src\hotspot\share\prims\jni.cpp, line 539]
Event: 5.533 Thread 0x000002166f037260 Exception <a 'java/net/ConnectException'{0x00000000a8315338}: Connection refused: getsockopt> (0x00000000a8315338) 
thrown [s\open\src\hotspot\share\prims\jni.cpp, line 539]
Event: 5.874 Thread 0x000002166f037260 Exception <a 'java/net/ConnectException'{0x00000000a83162f0}: Connection refused: getsockopt> (0x00000000a83162f0) 
thrown [s\open\src\hotspot\share\prims\jni.cpp, line 539]
Event: 6.199 Thread 0x000002166f037260 Exception <a 'java/net/ConnectException'{0x00000000a83172a8}: Connection refused: getsockopt> (0x00000000a83172a8) 
thrown [s\open\src\hotspot\share\prims\jni.cpp, line 539]
Event: 6.526 Thread 0x000002166f037260 Exception <a 'java/net/ConnectException'{0x00000000a8318260}: Connection refused: getsockopt> (0x00000000a8318260) 
thrown [s\open\src\hotspot\share\prims\jni.cpp, line 539]

ZGC Phase Switch (0 events):
No events

VM Operations (20 events):
Event: 1.124 Executing VM operation: Cleanup
Event: 1.124 Executing VM operation: Cleanup done
Event: 1.335 Executing VM operation: HandshakeAllThreads (Deoptimize)
Event: 1.335 Executing VM operation: HandshakeAllThreads (Deoptimize) done
Event: 1.362 Executing VM operation: G1CollectForAllocation (G1 Evacuation Pause)
Event: 1.372 Executing VM operation: G1CollectForAllocation (G1 Evacuation Pause) done
Event: 2.378 Executing VM operation: Cleanup
Event: 2.378 Executing VM operation: Cleanup done
Event: 3.128 Executing VM operation: HandshakeAllThreads (Deoptimize)
Event: 3.128 Executing VM operation: HandshakeAllThreads (Deoptimize) done
Event: 3.138 Executing VM operation: HandshakeAllThreads (Deoptimize)
Event: 3.138 Executing VM operation: HandshakeAllThreads (Deoptimize) done
Event: 3.138 Executing VM operation: HandshakeAllThreads (Deoptimize)
Event: 3.138 Executing VM operation: HandshakeAllThreads (Deoptimize) done
Event: 3.164 Executing VM operation: HandshakeAllThreads (Deoptimize)
Event: 3.164 Executing VM operation: HandshakeAllThreads (Deoptimize) done
Event: 4.176 Executing VM operation: Cleanup
Event: 4.176 Executing VM operation: Cleanup done
Event: 6.183 Executing VM operation: Cleanup
Event: 6.183 Executing VM operation: Cleanup done

Events (16 events):
Event: 0.048 Thread 0x000002160b14cbd0 Thread added: 0x000002160b14cbd0
Event: 0.071 Thread 0x0000021629232560 Thread added: 0x0000021629232560
Event: 0.071 Thread 0x0000021629233480 Thread added: 0x0000021629233480
Event: 0.072 Thread 0x0000021629236400 Thread added: 0x0000021629236400
Event: 0.072 Thread 0x0000021629237060 Thread added: 0x0000021629237060
Event: 0.072 Thread 0x0000021629239ad0 Thread added: 0x0000021629239ad0
Event: 0.072 Thread 0x000002162923c540 Thread added: 0x000002162923c540
Event: 0.072 Thread 0x000002162923efb0 Thread added: 0x000002162923efb0
Event: 0.072 Thread 0x00000216292507b0 Thread added: 0x00000216292507b0
Event: 0.198 Thread 0x000002162945d3a0 Thread added: 0x000002162945d3a0
Event: 0.461 Thread 0x0000021629842dd0 Thread added: 0x0000021629842dd0
Event: 0.462 Thread 0x00000216299a1700 Thread added: 0x00000216299a1700
Event: 3.162 Thread 0x000002166f035820 Thread added: 0x000002166f035820
Event: 3.165 Thread 0x000002166f037260 Thread added: 0x000002166f037260
Event: 3.173 Thread 0x000002166f034470 Thread added: 0x000002166f034470
Event: 3.173 Thread 0x000002166f035190 Thread added: 0x000002166f035190


Dynamic libraries:
0x00007ff752d00000 - 0x00007ff752d10000 	C:\Program Files\Java\jdk-21\bin\java.exe
0x00007ffa0c730000 - 0x00007ffa0c946000 	C:\Windows\SYSTEM32\ntdll.dll
0x00007ffa0b010000 - 0x00007ffa0b0d4000 	C:\Windows\System32\KERNEL32.DLL
0x00007ffa0a0d0000 - 0x00007ffa0a476000 	C:\Windows\System32\KERNELBASE.dll
0x00007ffa09da0000 - 0x00007ffa09eb1000 	C:\Windows\System32\ucrtbase.dll
0x00007ff9fa210000 - 0x00007ff9fa22b000 	C:\Program Files\Java\jdk-21\bin\VCRUNTIME140.dll
0x00007ff9f9fc0000 - 0x00007ff9f9fd9000 	C:\Program Files\Java\jdk-21\bin\jli.dll
0x00007ffa0b2e0000 - 0x00007ffa0b392000 	C:\Windows\System32\ADVAPI32.dll
0x00007ffa0b180000 - 0x00007ffa0b227000 	C:\Windows\System32\msvcrt.dll
0x00007ffa0bde0000 - 0x00007ffa0be88000 	C:\Windows\System32\sechost.dll
0x00007ffa09af0000 - 0x00007ffa09b18000 	C:\Windows\System32\bcrypt.dll
0x00007ffa0abd0000 - 0x00007ffa0ace5000 	C:\Windows\System32\RPCRT4.dll
0x00007ffa0a920000 - 0x00007ffa0aacd000 	C:\Windows\System32\USER32.dll
0x00007ffa09d00000 - 0x00007ffa09d26000 	C:\Windows\System32\win32u.dll
0x00007ff9fc090000 - 0x00007ff9fc323000 	C:\Windows\WinSxS\amd64_microsoft.windows.common-controls_6595b64144ccf1df_6.0.22621.3235_none_270f74e173860f98\COMCTL32.dll
0x00007ffa0bdb0000 - 0x00007ffa0bdd9000 	C:\Windows\System32\GDI32.dll
0x00007ffa09be0000 - 0x00007ffa09cf8000 	C:\Windows\System32\gdi32full.dll
0x00007ffa0a030000 - 0x00007ffa0a0ca000 	C:\Windows\System32\msvcp_win.dll
0x00007ff9fe700000 - 0x00007ff9fe70a000 	C:\Windows\SYSTEM32\VERSION.dll
0x00007ffa0ab70000 - 0x00007ffa0aba1000 	C:\Windows\System32\IMM32.DLL
0x00007ff9ffab0000 - 0x00007ff9ffabc000 	C:\Program Files\Java\jdk-21\bin\vcruntime140_1.dll
0x00007ff9cc350000 - 0x00007ff9cc3de000 	C:\Program Files\Java\jdk-21\bin\msvcp140.dll
0x00007ff998bb0000 - 0x00007ff9998c7000 	C:\Program Files\Java\jdk-21\bin\server\jvm.dll
0x00007ffa0b400000 - 0x00007ffa0b471000 	C:\Windows\System32\WS2_32.dll
0x00007ffa08900000 - 0x00007ffa0894d000 	C:\Windows\SYSTEM32\POWRPROF.dll
0x00007ffa016a0000 - 0x00007ffa016d4000 	C:\Windows\SYSTEM32\WINMM.dll
0x00007ffa088b0000 - 0x00007ffa088c3000 	C:\Windows\SYSTEM32\UMPDC.dll
0x00007ffa08b70000 - 0x00007ffa08b88000 	C:\Windows\SYSTEM32\kernel.appcore.dll
0x00007ff9fc560000 - 0x00007ff9fc56a000 	C:\Program Files\Java\jdk-21\bin\jimage.dll
0x00007ffa07460000 - 0x00007ffa07693000 	C:\Windows\SYSTEM32\DBGHELP.DLL
0x00007ffa0a590000 - 0x00007ffa0a918000 	C:\Windows\System32\combase.dll
0x00007ffa0b5b0000 - 0x00007ffa0b687000 	C:\Windows\System32\OLEAUT32.dll
0x00007ff9ff2b0000 - 0x00007ff9ff2e2000 	C:\Windows\SYSTEM32\dbgcore.DLL
0x00007ffa09a70000 - 0x00007ffa09aea000 	C:\Windows\System32\bcryptPrimitives.dll
0x00007ff9f9fb0000 - 0x00007ff9f9fbf000 	C:\Program Files\Java\jdk-21\bin\instrument.dll
0x00007ff9f9ce0000 - 0x00007ff9f9cff000 	C:\Program Files\Java\jdk-21\bin\java.dll
0x00007ffa0be90000 - 0x00007ffa0c6ed000 	C:\Windows\System32\SHELL32.dll
0x00007ffa07980000 - 0x00007ffa08278000 	C:\Windows\SYSTEM32\windows.storage.dll
0x00007ffa07840000 - 0x00007ffa0797e000 	C:\Windows\SYSTEM32\wintypes.dll
0x00007ffa0b690000 - 0x00007ffa0b783000 	C:\Windows\System32\SHCORE.dll
0x00007ffa0b3a0000 - 0x00007ffa0b3fe000 	C:\Windows\System32\shlwapi.dll
0x00007ffa099a0000 - 0x00007ffa099c6000 	C:\Windows\SYSTEM32\profapi.dll
0x00007ff9cb8a0000 - 0x00007ff9cb977000 	C:\Program Files\Java\jdk-21\bin\jsvml.dll
0x00007ff9f8c10000 - 0x00007ff9f8c28000 	C:\Program Files\Java\jdk-21\bin\zip.dll
0x00007ff9fb130000 - 0x00007ff9fb140000 	C:\Program Files\Java\jdk-21\bin\net.dll
0x00007ffa03480000 - 0x00007ffa035b7000 	C:\Windows\SYSTEM32\WINHTTP.dll
0x00007ffa09000000 - 0x00007ffa09069000 	C:\Windows\system32\mswsock.dll
0x00007ff9f9510000 - 0x00007ff9f9526000 	C:\Program Files\Java\jdk-21\bin\nio.dll
0x00007ff9daa90000 - 0x00007ff9daaaa000 	C:\Users\astar\AppData\Local\JetBrains\IntelliJ IDEA Community Edition 2023.3.3\bin\breakgen64.dll
0x00007ff9fb0c0000 - 0x00007ff9fb0c9000 	C:\Program Files\Java\jdk-21\bin\extnet.dll
0x00007ffa09270000 - 0x00007ffa0928b000 	C:\Windows\SYSTEM32\CRYPTSP.dll
0x00007ffa08ad0000 - 0x00007ffa08b05000 	C:\Windows\system32\rsaenh.dll
0x00007ffa090f0000 - 0x00007ffa0911c000 	C:\Windows\SYSTEM32\USERENV.dll
0x00007ffa09290000 - 0x00007ffa0929c000 	C:\Windows\SYSTEM32\CRYPTBASE.dll
0x00007ffa084d0000 - 0x00007ffa084fd000 	C:\Windows\SYSTEM32\IPHLPAPI.DLL
0x00007ffa0b0e0000 - 0x00007ffa0b0e9000 	C:\Windows\System32\NSI.dll
0x00007ff9f9fa0000 - 0x00007ff9f9fb0000 	C:\Program Files\Java\jdk-21\bin\verify.dll
0x00007ffa085b0000 - 0x00007ffa086a9000 	C:\Windows\SYSTEM32\DNSAPI.dll
0x0000000057070000 - 0x0000000057096000 	C:\Program Files\Bonjour\mdnsNSP.dll
0x00007ffa03670000 - 0x00007ffa0367a000 	C:\Windows\System32\rasadhlp.dll
0x00007ffa00ef0000 - 0x00007ffa00f73000 	C:\Windows\System32\fwpuclnt.dll

dbghelp: loaded successfully - version: 4.0.5 - missing functions: none
symbol engine: initialized successfully - sym options: 0x614 - pdb path: .;C:\Program Files\Java\jdk-21\bin;C:\Windows\SYSTEM32;C:\Windows\WinSxS\amd64_microsoft.windows.common-controls_6595b64144ccf1df_6.0.22621.3235_none_270f74e173860f98;C:\Program Files\Java\jdk-21\bin\server;C:\Users\astar\AppData\Local\JetBrains\IntelliJ IDEA Community Edition 2023.3.3\bin;C:\Program Files\Bonjour

VM Arguments:
jvm_args: -Dorg.jetbrains.run.directory=C:\Users\astar\Downloads\My_demo_app_cucumber-main\My_demo_app_cucumber-main\src\main\resources\features -javaagent:C:\Users\astar\AppData\Local\JetBrains\IntelliJ IDEA Community Edition 2023.3.3\lib\idea_rt.jar=54313:C:\Users\astar\AppData\Local\JetBrains\IntelliJ IDEA Community Edition 2023.3.3\bin -Dfile.encoding=UTF-8 -Dsun.stdout.encoding=UTF-8 -Dsun.stderr.encoding=UTF-8 
java_command: io.cucumber.core.cli.Main --plugin org.jetbrains.plugins.cucumber.java.run.CucumberJvm5SMFormatter --name ^User  successfully logs in and is redirected to Products page$ --glue steps C:/Users/astar/Downloads/My_demo_app_cucumber-main/My_demo_app_cucumber-main/src/main/resources/features/pageLogin.feature
java_class_path (initial): C:\Users\astar\Downloads\My_demo_app_cucumber-main\My_demo_app_cucumber-main\target\test-classes;C:\Users\astar\Downloads\My_demo_app_cucumber-main\My_demo_app_cucumber-main\target\classes;C:\Users\astar\.m2\repository\io\appium\java-client\8.6.0\java-client-8.6.0.jar;C:\Users\astar\.m2\repository\org\seleniumhq\selenium\selenium-api\4.13.0\selenium-api-4.13.0.jar;C:\Users\astar\.m2\repository\org\seleniumhq\selenium\selenium-remote-driver\4.13.0\selenium-remote-driver-4.13.0.jar;C:\Users\astar\.m2\repository\com\google\auto\service\auto-service-annotations\1.1.1\auto-service-annotations-1.1.1.jar;C:\Users\astar\.m2\repository\io\netty\netty-buffer\4.1.96.Final\netty-buffer-4.1.96.Final.jar;C:\Users\astar\.m2\repository\io\netty\netty-codec-http\4.1.96.Final\netty-codec-http-4.1.96.Final.jar;C:\Users\astar\.m2\repository\io\netty\netty-codec\4.1.96.Final\netty-codec-4.1.96.Final.jar;C:\Users\astar\.m2\repository\io\netty\netty-handler\4.1.96.Final\netty-handler-4.1.96.Final.jar;C:\Users\astar\.m2\repository\io\netty\netty-common\4.1.96.Final\netty-common-4.1.96.Final.jar;C:\Users\astar\.m2\repository\io\netty\netty-transport-classes-epoll\4.1.96.Final\netty-transport-classes-epoll-4.1.96.Final.jar;C:\Users\astar\.m2\repository\io\netty\netty-transport-classes-kqueue\4.1.96.Final\netty-transport-classes-kqueue-4.1.96.Final.jar;C:\Users\astar\.m2\repository\io\netty\netty-transport-native-epoll\4.1.96.Final\netty-transport-native-epoll-4.1.96.Final.jar;C:\Users\astar\.m2\repository\io\netty\netty-transport-native-kqueue\4.1.96.Final\netty-transport-native-kqueue-4.1.96.Final.jar;C:\Users\astar\.m2\repository\io\netty\netty-transport-native-unix-common\4.1.96.Final\netty-transport-native-unix-common-4.1.96.Final.jar;C:\Users\astar\.m2\repository\io\netty\netty-transport\4.1.96.Final\netty-transport-4.1.96.Final.jar;C:\Users\astar\.m2\repository\io\netty\netty-resolver\4.1.96.Final\netty-resolver-4.1.96.Final.jar;C:\Users\astar\.m2\repository\io\opentelemetry\opentelemetry-api\1.28.0\opentelemetry-api-1.28.0.jar;C:\Users\astar\.m2\repository\io\opentelemetry\opentelemetry-context\1.28.0\opentelemetry-context-1.28.0.jar;C:\Users\astar\.m2\repository\io\opentelemetry\opentelemetry-exporter-logging\1.28.0\opentelemetry-exporter-logging-1.28.0.jar;C:\Users\astar\.m2\repository\io\opentelemetry\opentelemetry-sdk-metrics\1.28.0\opentelemetry-sdk-metrics-1.28.0.jar;C:\Users\astar\.m2\repository\io\opentelemetry\opentelemetry-extension-incubator\1.28.0-alpha\opentelemetry-extension-incubator-1.28.0-alpha.jar;C:\Users\astar\.m2\repository\io\opentelemetry\opentelemetry-sdk-logs\1.28.0\opentelemetry-sdk-logs-1.28.0.jar;C:\Users\astar\.m2\repository\io\opentelemetry\opentelemetry-sdk-common\1.28.0\opentelemetry-sdk-common-1.28.0.jar;C:\Users\astar\.m2\repository\io\opentelemetry\opentelemetry-sdk-extension-autoconfigure-spi\1.28.0\opentelemetry-sdk-extension-autoconfigure-spi-1.28.0.jar;C:\Users\astar\.m2\repository\io\opentelemetry\opentelemetry-sdk-extension-autoconfigure\1.28.0\opentelemetry-sdk-extension-autoconfigure-1.28.0.jar;C:\Users\astar\.m2\repository\io\opentelemetry\opentelemetry-api-events\1.28.0-alpha\opentelemetry-api-events-1.28.0-alpha.jar;C:\Users\astar\.m2\repository\io\opentelemetry\opentelemetry-sdk-trace\1.28.0\opentelemetry-sdk-trace-1.28.0.jar;C:\Users\astar\.m2\repository\io\opentelemetry\opentelemetry-sdk\1.28.0\opentelemetry-sdk-1.28.0.jar;C:\Users\astar\.m2\repository\io\opentelemetry\opentelemetry-semconv\1.28.0-alpha\opentelemetry-semconv-1.28.0-alpha.jar;C:\Users\astar\.m2\repository\org\asynchttpclient\async-http-client\2.12.3\async-http-client-2.12.3.jar;C:\Users\astar\.m2\repository\org\asynchttpclient\async-http-client-netty-utils\2.12.3\async-http-client-netty-utils-2.12.3.jar;C:\Users\astar\.m2\repository\io\netty\netty-codec-socks\4.1.60.Final\netty-codec-socks-4.1.60.Final.jar;C:\Users\astar\.m2\repository\io\netty\netty-handler-proxy\4.1.60.Final\netty-handler-proxy-4.1.60.Final.jar;C:\Users\astar\.m2\repository\io\netty\netty-transport-native-epoll\4.1.60.Final\netty-transport-native-epoll-4.1.60.Final-linux-x86_64.jar;C:\Users\astar\.m2\repository\io\netty\netty-transport-native-kqueue\4.1.60.Final\netty-transport-native-kqueue-4.1.60.Final-osx-x86_64.jar;C:\Users\astar\.m2\repository\org\reactivestreams\reactive-streams\1.0.3\reactive-streams-1.0.3.jar;C:\Users\astar\.m2\repository\com\typesafe\netty\netty-reactive-streams\2.0.4\netty-reactive-streams-2.0.4.jar;C:\Users\astar\.m2\repository\com\sun\activation\jakarta.activation\1.2.2\jakarta.activation-1.2.2.jar;C:\Users\astar\.m2\repository\org\seleniumhq\selenium\selenium-http\4.13.0\selenium-http-4.13.0.jar;C:\Users\astar\.m2\repository\dev\failsafe\failsafe\3.3.2\failsafe-3.3.2.jar;C:\Users\astar\.m2\repository\org\seleniumhq\selenium\selenium-json\4.13.0\selenium-json-4.13.0.jar;C:\Users\astar\.m2\repository\org\seleniumhq\selenium\selenium-manager\4.13.0\selenium-manager-4.13.0.jar;C:\Users\astar\.m2\repository\org\seleniumhq\selenium\selenium-os\4.13.0\selenium-os-4.13.0.jar;C:\Users\astar\.m2\repository\org\seleniumhq\selenium\selenium-support\4.13.0\selenium-support-4.13.0.jar;C:\Users\astar\.m2\repository\com\google\code\gson\gson\2.10.1\gson-2.10.1.jar;C:\Users\astar\.m2\repository\org\apache\commons\commons-lang3\3.13.0\commons-lang3-3.13.0.jar;C:\Users\astar\.m2\repository\commons-io\commons-io\2.14.0\commons-io-2.14.0.jar;C:\Users\astar\.m2\repository\org\slf4j\slf4j-api\2.0.9\slf4j-api-2.0.9.jar;C:\Users\astar\.m2\repository\io\cucumber\cucumber-picocontainer\7.13.0\cucumber-picocontainer-7.13.0.jar;C:\Users\astar\.m2\repository\org\apiguardian\apiguardian-api\1.1.2\apiguardian-api-1.1.2.jar;C:\Users\astar\.m2\repository\org\picocontainer\picocontainer\2.15\picocontainer-2.15.jar;C:\Users\astar\.m2\repository\io\cucumber\cucumber-java\7.13.0\cucumber-java-7.13.0.jar;C:\Users\astar\.m2\repository\io\cucumber\cucumber-junit\7.13.0\cucumber-junit-7.13.0.jar;C:\Users\astar\.m2\repository\junit\junit\4.13.2\junit-4.13.2.jar;C:\Users\astar\.m2\repository\org\hamcrest\hamcrest-core\1.3\hamcrest-core-1.3.jar;C:\Users\astar\.m2\repository\io\cucumber\cucumber-core\7.13.0\cucumber-core-7.13.0.jar;C:\Users\astar\.m2\repository\io\cucumber\cucumber-gherkin\7.13.0\cucumber-gherkin-7.13.0.jar;C:\Users\astar\.m2\repository\io\cucumber\cucumber-gherkin-messages\7.13.0\cucumber-gherkin-messages-7.13.0.jar;C:\Users\astar\.m2\repository\io\cucumber\messages\22.0.0\messages-22.0.0.jar;C:\Users\astar\.m2\repository\io\cucumber\tag-expressions\5.0.1\tag-expressions-5.0.1.jar;C:\Users\astar\.m2\repository\io\cucumber\cucumber-expressions\16.1.2\cucumber-expressions-16.1.2.jar;C:\Users\astar\.m2\repository\io\cucumber\datatable\7.13.0\datatable-7.13.0.jar;C:\Users\astar\.m2\repository\io\cucumber\cucumber-plugin\7.13.0\cucumber-plugin-7.13.0.jar;C:\Users\astar\.m2\repository\io\cucumber\docstring\7.13.0\docstring-7.13.0.jar;C:\Users\astar\.m2\repository\io\cucumber\html-formatter\20.3.1\html-formatter-20.3.1.jar;C:\Users\astar\.m2\repository\io\cucumber\junit-xml-formatter\0.2.0\junit-xml-formatter-0.2.0.jar;C:\Users\astar\.m2\repository\io\cucumber\ci-environment\9.2.0\ci-environment-9.2.0.jar;C:\Users\astar\.m2\repository\io\cucumber\gherkin\26.2.0\gherkin-26.2.0.jar;C:\Users\astar\.m2\repository\org\seleniumhq\selenium\selenium-java\3.141.59\selenium-java-3.141.59.jar;C:\Users\astar\.m2\repository\org\seleniumhq\selenium\selenium-chrome-driver\3.141.59\selenium-chrome-driver-3.141.59.jar;C:\Users\astar\.m2\repository\org\seleniumhq\selenium\selenium-edge-driver\3.141.59\selenium-edge-driver-3.141.59.jar;C:\Users\astar\.m2\repository\org\seleniumhq\selenium\selenium-firefox-driver\3.141.59\selenium-firefox-driver-3.141.59.jar;C:\Users\astar\.m2\repository\org\seleniumhq\selenium\selenium-ie-driver\3.141.59\selenium-ie-driver-3.141.59.jar;C:\Users\astar\.m2\repository\org\seleniumhq\selenium\selenium-opera-driver\3.141.59\selenium-opera-driver-3.141.59.jar;C:\Users\astar\.m2\repository\org\seleniumhq\selenium\selenium-safari-driver\3.141.59\selenium-safari-driver-3.141.59.jar;C:\Users\astar\.m2\repository\net\bytebuddy\byte-buddy\1.8.15\byte-buddy-1.8.15.jar;C:\Users\astar\.m2\repository\org\apache\commons\commons-exec\1.3\commons-exec-1.3.jar;C:\Users\astar\.m2\repository\com\google\guava\guava\25.0-jre\guava-25.0-jre.jar;C:\Users\astar\.m2\repository\com\google\code\findbugs\jsr305\1.3.9\jsr305-1.3.9.jar;C:\Users\astar\.m2\repository\org\checkerframework\checker-compat-qual\2.0.0\checker-compat-qual-2.0.0.jar;C:\Users\astar\.m2\repository\com\google\errorprone\error_prone_annotations\2.1.3\error_prone_annotations-2.1.3.jar;C:\Users\astar\.m2\repository\com\google\j2objc\j2objc-annotations\1.1\j2objc-annotations-1.1.jar;C:\Users\astar\.m2\repository\org\codehaus\mojo\animal-sniffer-annotations\1.14\animal-sniffer-annotations-1.14.jar;C:\Users\astar\.m2\repository\com\squareup\okhttp3\okhttp\3.11.0\okhttp-3.11.0.jar;C:\Users\astar\.m2\repository\com\squareup\okio\okio\1.14.0\okio-1.14.0.jar;C:\Users\astar\.m2\repository\org\junit\jupiter\junit-jupiter-params\5.9.2\junit-jupiter-params-5.9.2.jar;C:\Users\astar\.m2\repository\org\junit\jupiter\junit-jupiter-api\5.9.2\junit-jupiter-api-5.9.2.jar;C:\Users\astar\.m2\repository\org\opentest4j\opentest4j\1.2.0\opentest4j-1.2.0.jar;C:\Users\astar\.m2\repository\org\junit\platform\junit-platform-commons\1.9.2\junit-platform-commons-1.9.2.jar;C:\Users\astar\.m2\repository\org\junit\platform\junit-platform-reporting\1.9.1\junit-platform-reporting-1.9.1.jar;C:\Users\astar\.m2\repository\org\junit\platform\junit-platform-launcher\1.9.1\junit-platform-launcher-1.9.1.jar;C:\Users\astar\.m2\repository\org\junit\platform\junit-platform-engine\1.9.1\junit-platform-engine-1.9.1.jar;C:\Users\astar\AppData\Local\JetBrains\IntelliJ IDEA Community Edition 2023.3.3\plugins\junit\lib\junit-rt.jar;C:\Users\astar\AppData\Roaming\JetBrains\IdeaIC2023.3\plugins\cucumber-java\lib\cucumber-jvmFormatter.jar;C:\Users\astar\AppData\Roaming\JetBrains\IdeaIC2023.3\plugins\cucumber-java\lib\cucumber-jvmFormatter5.jar;C:\Users\astar\AppData\Roaming\JetBrains\IdeaIC2023.3\plugins\cucumber-java\lib\cucumber-jvmFormatter4.jar;C:\Users\astar\AppData\Roaming\JetBrains\IdeaIC2023.3\plugins\cucumber-java\lib\cucumber-jvmFormatter3.jar
Launcher Type: SUN_STANDARD

[Global flags]
     intx CICompilerCount                          = 4                                         {product} {ergonomic}
     uint ConcGCThreads                            = 2                                         {product} {ergonomic}
     uint G1ConcRefinementThreads                  = 8                                         {product} {ergonomic}
   size_t G1HeapRegionSize                         = 1048576                                   {product} {ergonomic}
    uintx GCDrainStackTargetSize                   = 64                                        {product} {ergonomic}
   size_t InitialHeapSize                          = 98566144                                  {product} {ergonomic}
   size_t MarkStackSize                            = 4194304                                   {product} {ergonomic}
   size_t MaxHeapSize                              = 1564475392                                {product} {ergonomic}
   size_t MaxNewSize                               = 938475520                                 {product} {ergonomic}
   size_t MinHeapDeltaBytes                        = 1048576                                   {product} {ergonomic}
   size_t MinHeapSize                              = 8388608                                   {product} {ergonomic}
    uintx NonNMethodCodeHeapSize                   = 5839372                                {pd product} {ergonomic}
    uintx NonProfiledCodeHeapSize                  = 122909434                              {pd product} {ergonomic}
    uintx ProfiledCodeHeapSize                     = 122909434                              {pd product} {ergonomic}
    uintx ReservedCodeCacheSize                    = 251658240                              {pd product} {ergonomic}
     bool SegmentedCodeCache                       = true                                      {product} {ergonomic}
   size_t SoftMaxHeapSize                          = 1564475392                             {manageable} {ergonomic}
     bool UseCompressedOops                        = true                           {product lp64_product} {ergonomic}
     bool UseG1GC                                  = true                                      {product} {ergonomic}
     bool UseLargePagesIndividualAllocation        = false                                  {pd product} {ergonomic}

Logging:
Log output configuration:
 #0: stdout all=warning uptime,level,tags foldmultilines=false
 #1: stderr all=off uptime,level,tags foldmultilines=false

Environment Variables:
JAVA_HOME=C:\Program Files\Java\jdk-21
PATH=C:\Program Files\Common Files\Oracle\Java\javapath;C:\Program Files (x86)\Common Files\Oracle\Java\javapath;C:\Windows\system32;C:\Windows;C:\Windows\System32\Wbem;C:\Windows\System32\WindowsPowerShell\v1.0\;C:\Windows\System32\OpenSSH\;C:\Program Files\nodejs\;C:\Program Files\Git\cmd;;C:\Users\astar\AppData\Local\Android\Sdk\platform-tools;C:\Users\astar\AppData\Local\Microsoft\WindowsApps;C:\Program Files (x86)\apache-maven-3.9.6\bin;C:\Users\astar\AppData\Roaming\npm;C:\Users\astar\AppData\Local\GitHubDesktop\bin
USERNAME=astar
OS=Windows_NT
PROCESSOR_IDENTIFIER=AMD64 Family 23 Model 160 Stepping 0, AuthenticAMD
TMP=C:\Users\astar\AppData\Local\Temp
TEMP=C:\Users\astar\AppData\Local\Temp




Periodic native trim disabled

---------------  S Y S T E M  ---------------

OS:
 Windows 11 , 64 bit Build 22621 (10.0.22621.3235)
OS uptime: 1 days 1:49 hours
Hyper-V role detected

CPU: total 8 (initial active 8) (8 cores per cpu, 2 threads per core) family 23 model 160 stepping 0 microcode 0x0, cx8, cmov, fxsr, ht, mmx, 3dnowpref, sse, sse2, sse3, ssse3, sse4a, sse4.1, sse4.2, popcnt, lzcnt, tsc, tscinvbit, avx, avx2, aes, clmul, bmi1, bmi2, adx, sha, fma, vzeroupper, clflush, clflushopt, hv, rdtscp, rdpid, f16c
Processor Information for all 8 processors :
  Max Mhz: 2801, Current Mhz: 2801, Mhz Limit: 2801

Memory: 4k page, system-wide physical 5965M (355M free)
TotalPageFile size 24397M (AvailPageFile size 0M)
current process WorkingSet (physical memory assigned to process): 83M, peak: 91M
current process commit charge ("private bytes"): 191M, peak: 199M

vm_info: Java HotSpot(TM) 64-Bit Server VM (21.0.2+13-LTS-58) for windows-amd64 JRE (21.0.2+13-LTS-58), built on 2024-01-05T18:32:24Z by "mach5one" with MS VC++ 17.1 (VS2022)

END.
